[1.561s] Invoking command in '/home/silvergaster/AGV/src/agv_gz': CONDA_PROMPT_MODIFIER=(base) DEBUGINFOD_URLS=https://debuginfod.ubuntu.com PYTHONPATH=/home/silvergaster/AGV/build/agv_gz/prefix_override:/usr/lib/python3/dist-packages/colcon_core/task/python/colcon_distutils_commands:/home/silvergaster/AGV/install/agv_gz/lib/python3.12/site-packages:${PYTHONPATH} /usr/bin/python3 -W ignore:setup.py install is deprecated -W ignore:easy_install command is deprecated setup.py egg_info --egg-base ../../build/agv_gz build --build-base /home/silvergaster/AGV/build/agv_gz/build install --record /home/silvergaster/AGV/build/agv_gz/install.log --single-version-externally-managed install_data
[1.970s] running egg_info
[2.003s] writing ../../build/agv_gz/agv_gz.egg-info/PKG-INFO
[2.005s] writing dependency_links to ../../build/agv_gz/agv_gz.egg-info/dependency_links.txt
[2.005s] writing requirements to ../../build/agv_gz/agv_gz.egg-info/requires.txt
[2.006s] writing top-level names to ../../build/agv_gz/agv_gz.egg-info/top_level.txt
[2.042s] reading manifest file '../../build/agv_gz/agv_gz.egg-info/SOURCES.txt'
[2.043s] writing manifest file '../../build/agv_gz/agv_gz.egg-info/SOURCES.txt'
[2.044s] running build
[2.044s] running install
[2.052s] running install_data
[2.053s] creating /home/silvergaster/AGV/install/agv_gz/share/agv_gz/launch
[2.053s] copying launch/test.launch.py -> /home/silvergaster/AGV/install/agv_gz/share/agv_gz/launch
[2.053s] creating /home/silvergaster/AGV/install/agv_gz/share/agv_gz/urdf
[2.053s] copying urdf/agv.urdf -> /home/silvergaster/AGV/install/agv_gz/share/agv_gz/urdf
[2.054s] copying urdf/dae.urdf -> /home/silvergaster/AGV/install/agv_gz/share/agv_gz/urdf
[2.054s] copying urdf/agv.dae -> /home/silvergaster/AGV/install/agv_gz/share/agv_gz/urdf
[2.054s] running install_egg_info
[2.125s] removing '/home/silvergaster/AGV/install/agv_gz/lib/python3.12/site-packages/agv_gz-0.0.0-py3.12.egg-info' (and everything under it)
[2.125s] Copying ../../build/agv_gz/agv_gz.egg-info to /home/silvergaster/AGV/install/agv_gz/lib/python3.12/site-packages/agv_gz-0.0.0-py3.12.egg-info
[2.126s] running install_scripts
[2.350s] writing list of installed files to '/home/silvergaster/AGV/build/agv_gz/install.log'
[2.397s] Invoked command in '/home/silvergaster/AGV/src/agv_gz' returned '0': CONDA_PROMPT_MODIFIER=(base) DEBUGINFOD_URLS=https://debuginfod.ubuntu.com PYTHONPATH=/home/silvergaster/AGV/build/agv_gz/prefix_override:/usr/lib/python3/dist-packages/colcon_core/task/python/colcon_distutils_commands:/home/silvergaster/AGV/install/agv_gz/lib/python3.12/site-packages:${PYTHONPATH} /usr/bin/python3 -W ignore:setup.py install is deprecated -W ignore:easy_install command is deprecated setup.py egg_info --egg-base ../../build/agv_gz build --build-base /home/silvergaster/AGV/build/agv_gz/build install --record /home/silvergaster/AGV/build/agv_gz/install.log --single-version-externally-managed install_data
