[1.489s] Invoking command in '/home/silvergaster/AGV/src/python_pkg': CONDA_PROMPT_MODIFIER=(base) DEBUGINFOD_URLS=https://debuginfod.ubuntu.com PYTHONPATH=/home/silvergaster/AGV/build/python_pkg/prefix_override:/usr/lib/python3/dist-packages/colcon_core/task/python/colcon_distutils_commands:/home/silvergaster/AGV/install/python_pkg/lib/python3.12/site-packages:${PYTHONPATH} /usr/bin/python3 -W ignore:setup.py install is deprecated -W ignore:easy_install command is deprecated setup.py egg_info --egg-base ../../build/python_pkg build --build-base /home/silvergaster/AGV/build/python_pkg/build install --record /home/silvergaster/AGV/build/python_pkg/install.log --single-version-externally-managed install_data
[1.873s] running egg_info
[1.905s] writing ../../build/python_pkg/python_pkg.egg-info/PKG-INFO
[1.905s] writing dependency_links to ../../build/python_pkg/python_pkg.egg-info/dependency_links.txt
[1.906s] writing requirements to ../../build/python_pkg/python_pkg.egg-info/requires.txt
[1.906s] writing top-level names to ../../build/python_pkg/python_pkg.egg-info/top_level.txt
[1.968s] reading manifest file '../../build/python_pkg/python_pkg.egg-info/SOURCES.txt'
[1.970s] writing manifest file '../../build/python_pkg/python_pkg.egg-info/SOURCES.txt'
[1.970s] running build
[1.970s] running build_py
[1.971s] running install
[1.978s] running install_lib
[2.011s] running install_data
[2.012s] copying urdf/test.urdf -> /home/silvergaster/AGV/install/python_pkg/share/python_pkg/urdf
[2.013s] copying launch/test.launch.py -> /home/silvergaster/AGV/install/python_pkg/share/python_pkg/launch
[2.013s] running install_egg_info
[2.047s] removing '/home/silvergaster/AGV/install/python_pkg/lib/python3.12/site-packages/python_pkg-0.0.0-py3.12.egg-info' (and everything under it)
[2.047s] Copying ../../build/python_pkg/python_pkg.egg-info to /home/silvergaster/AGV/install/python_pkg/lib/python3.12/site-packages/python_pkg-0.0.0-py3.12.egg-info
[2.048s] running install_scripts
[2.248s] writing list of installed files to '/home/silvergaster/AGV/build/python_pkg/install.log'
[2.290s] Invoked command in '/home/silvergaster/AGV/src/python_pkg' returned '0': CONDA_PROMPT_MODIFIER=(base) DEBUGINFOD_URLS=https://debuginfod.ubuntu.com PYTHONPATH=/home/silvergaster/AGV/build/python_pkg/prefix_override:/usr/lib/python3/dist-packages/colcon_core/task/python/colcon_distutils_commands:/home/silvergaster/AGV/install/python_pkg/lib/python3.12/site-packages:${PYTHONPATH} /usr/bin/python3 -W ignore:setup.py install is deprecated -W ignore:easy_install command is deprecated setup.py egg_info --egg-base ../../build/python_pkg build --build-base /home/silvergaster/AGV/build/python_pkg/build install --record /home/silvergaster/AGV/build/python_pkg/install.log --single-version-externally-managed install_data
