-- Install configuration: ""
-- Up-to-date: /home/silvergaster/AGV/install/front/share/front/launch
-- Up-to-date: /home/silvergaster/AGV/install/front/share/front/launch/gazebo.launch.py
-- Up-to-date: /home/silvergaster/AGV/install/front/share/front/launch/display.launch.py
-- Up-to-date: /home/silvergaster/AGV/install/front/share/front/launch/description.launch.py
-- Up-to-date: /home/silvergaster/AGV/install/front/share/front/meshes
-- Up-to-date: /home/silvergaster/AGV/install/front/share/front/meshes/assem1_simplefrontwheelsteering4v005_n0txft.dae
-- Up-to-date: /home/silvergaster/AGV/install/front/share/front/meshes/assem1_simplefrontwheelsteering2v004_0utofy.dae
-- Up-to-date: /home/silvergaster/AGV/install/front/share/front/meshes/assem1_base_link_kshh9p.dae
-- Up-to-date: /home/silvergaster/AGV/install/front/share/front/meshes/assem1_simplefrontwheelsteering4_rollingv1_lbo4yt.dae
-- Up-to-date: /home/silvergaster/AGV/install/front/share/front/meshes/assem1_simplefrontwheelsteering4v4_5dlltd.dae
-- Up-to-date: /home/silvergaster/AGV/install/front/share/front/meshes/assem1_simplefrontwheelsteering2_rollingv1_tf9b4o.dae
-- Up-to-date: /home/silvergaster/AGV/install/front/share/front/meshes/assem1_simplefrontwheelsteering2v3_vvsqon.dae
-- Up-to-date: /home/silvergaster/AGV/install/front/share/front/rviz
-- Up-to-date: /home/silvergaster/AGV/install/front/share/front/rviz/robot_description.rviz
-- Up-to-date: /home/silvergaster/AGV/install/front/share/front/urdf
-- Up-to-date: /home/silvergaster/AGV/install/front/share/front/urdf/Robot.urdf
-- Up-to-date: /home/silvergaster/AGV/install/front/share/front/urdf/Robot_sensors.urdf.xacro
-- Up-to-date: /home/silvergaster/AGV/install/front/share/front/urdf/Robot_wrapper.urdf.xacro
-- Up-to-date: /home/silvergaster/AGV/install/front/share/front/worlds
-- Up-to-date: /home/silvergaster/AGV/install/front/share/front/worlds/cars_and_trees.sdf
-- Up-to-date: /home/silvergaster/AGV/install/front/share/front/worlds/empty.sdf
-- Up-to-date: /home/silvergaster/AGV/install/front/share/ament_index/resource_index/package_run_dependencies/front
-- Up-to-date: /home/silvergaster/AGV/install/front/share/ament_index/resource_index/parent_prefix_path/front
-- Up-to-date: /home/silvergaster/AGV/install/front/share/front/environment/ament_prefix_path.sh
-- Up-to-date: /home/silvergaster/AGV/install/front/share/front/environment/ament_prefix_path.dsv
-- Up-to-date: /home/silvergaster/AGV/install/front/share/front/environment/path.sh
-- Up-to-date: /home/silvergaster/AGV/install/front/share/front/environment/path.dsv
-- Up-to-date: /home/silvergaster/AGV/install/front/share/front/local_setup.bash
-- Up-to-date: /home/silvergaster/AGV/install/front/share/front/local_setup.sh
-- Up-to-date: /home/silvergaster/AGV/install/front/share/front/local_setup.zsh
-- Up-to-date: /home/silvergaster/AGV/install/front/share/front/local_setup.dsv
-- Up-to-date: /home/silvergaster/AGV/install/front/share/front/package.dsv
-- Up-to-date: /home/silvergaster/AGV/install/front/share/ament_index/resource_index/packages/front
-- Up-to-date: /home/silvergaster/AGV/install/front/share/front/cmake/frontConfig.cmake
-- Up-to-date: /home/silvergaster/AGV/install/front/share/front/cmake/frontConfig-version.cmake
-- Up-to-date: /home/silvergaster/AGV/install/front/share/front/package.xml
