[0.242s] DEBUG:colcon:Command line arguments: ['/usr/bin/colcon', 'build']
[0.243s] DEBUG:colcon:Parsed command line arguments: Namespace(log_base=None, log_level=None, verb_name='build', build_base='build', install_base='install', merge_install=False, symlink_install=False, test_result_base=None, continue_on_error=False, executor='parallel', parallel_workers=4, event_handlers=None, ignore_user_meta=False, metas=['./colcon.meta'], base_paths=['.'], packages_ignore=None, packages_ignore_regex=None, paths=None, packages_up_to=None, packages_up_to_regex=None, packages_above=None, packages_above_and_dependencies=None, packages_above_depth=None, packages_select_by_dep=None, packages_skip_by_dep=None, packages_skip_up_to=None, packages_select_build_failed=False, packages_skip_build_finished=False, packages_select_test_failures=False, packages_skip_test_passed=False, packages_select=None, packages_skip=None, packages_select_regex=None, packages_skip_regex=None, packages_start=None, packages_end=None, allow_overriding=[], cmake_args=None, cmake_target=None, cmake_target_skip_unavailable=False, cmake_clean_cache=False, cmake_clean_first=False, cmake_force_configure=False, ament_cmake_args=None, catkin_cmake_args=None, catkin_skip_building_tests=False, mixin_files=None, mixin=None, verb_parser=<colcon_mixin.mixin.mixin_argument.MixinArgumentDecorator object at 0x71b4827a6c90>, verb_extension=<colcon_core.verb.build.BuildVerb object at 0x71b4828c72f0>, main=<bound method BuildVerb.main of <colcon_core.verb.build.BuildVerb object at 0x71b4828c72f0>>, mixin_verb=('build',))
[0.344s] Level 1:colcon.colcon_core.package_discovery:discover_packages(colcon_meta) check parameters
[0.344s] Level 1:colcon.colcon_core.package_discovery:discover_packages(recursive) check parameters
[0.344s] Level 1:colcon.colcon_core.package_discovery:discover_packages(ignore) check parameters
[0.344s] Level 1:colcon.colcon_core.package_discovery:discover_packages(path) check parameters
[0.344s] Level 1:colcon.colcon_core.package_discovery:discover_packages(colcon_meta) discover
[0.344s] Level 1:colcon.colcon_core.package_discovery:discover_packages(recursive) discover
[0.344s] INFO:colcon.colcon_core.package_discovery:Crawling recursively for packages in '/home/silvergaster/AGV'
[0.344s] Level 1:colcon.colcon_core.package_identification:_identify(.) by extensions ['ignore', 'ignore_ament_install']
[0.345s] Level 1:colcon.colcon_core.package_identification:_identify(.) by extension 'ignore'
[0.345s] Level 1:colcon.colcon_core.package_identification:_identify(.) by extension 'ignore_ament_install'
[0.345s] Level 1:colcon.colcon_core.package_identification:_identify(.) by extensions ['colcon_pkg']
[0.345s] Level 1:colcon.colcon_core.package_identification:_identify(.) by extension 'colcon_pkg'
[0.345s] Level 1:colcon.colcon_core.package_identification:_identify(.) by extensions ['colcon_meta']
[0.345s] Level 1:colcon.colcon_core.package_identification:_identify(.) by extension 'colcon_meta'
[0.345s] Level 1:colcon.colcon_core.package_identification:_identify(.) by extensions ['ros']
[0.345s] Level 1:colcon.colcon_core.package_identification:_identify(.) by extension 'ros'
[0.375s] Level 1:colcon.colcon_core.package_identification:_identify(.) by extensions ['cmake', 'python']
[0.375s] Level 1:colcon.colcon_core.package_identification:_identify(.) by extension 'cmake'
[0.375s] Level 1:colcon.colcon_core.package_identification:_identify(.) by extension 'python'
[0.375s] Level 1:colcon.colcon_core.package_identification:_identify(.) by extensions ['python_setup_py']
[0.375s] Level 1:colcon.colcon_core.package_identification:_identify(.) by extension 'python_setup_py'
[0.375s] Level 1:colcon.colcon_core.package_identification:_identify(Arduino) by extensions ['ignore', 'ignore_ament_install']
[0.375s] Level 1:colcon.colcon_core.package_identification:_identify(Arduino) by extension 'ignore'
[0.375s] Level 1:colcon.colcon_core.package_identification:_identify(Arduino) by extension 'ignore_ament_install'
[0.375s] Level 1:colcon.colcon_core.package_identification:_identify(Arduino) by extensions ['colcon_pkg']
[0.375s] Level 1:colcon.colcon_core.package_identification:_identify(Arduino) by extension 'colcon_pkg'
[0.375s] Level 1:colcon.colcon_core.package_identification:_identify(Arduino) by extensions ['colcon_meta']
[0.375s] Level 1:colcon.colcon_core.package_identification:_identify(Arduino) by extension 'colcon_meta'
[0.375s] Level 1:colcon.colcon_core.package_identification:_identify(Arduino) by extensions ['ros']
[0.375s] Level 1:colcon.colcon_core.package_identification:_identify(Arduino) by extension 'ros'
[0.375s] Level 1:colcon.colcon_core.package_identification:_identify(Arduino) by extensions ['cmake', 'python']
[0.375s] Level 1:colcon.colcon_core.package_identification:_identify(Arduino) by extension 'cmake'
[0.376s] Level 1:colcon.colcon_core.package_identification:_identify(Arduino) by extension 'python'
[0.376s] Level 1:colcon.colcon_core.package_identification:_identify(Arduino) by extensions ['python_setup_py']
[0.376s] Level 1:colcon.colcon_core.package_identification:_identify(Arduino) by extension 'python_setup_py'
[0.376s] Level 1:colcon.colcon_core.package_identification:_identify(Arduino/sketch_jul14a) by extensions ['ignore', 'ignore_ament_install']
[0.376s] Level 1:colcon.colcon_core.package_identification:_identify(Arduino/sketch_jul14a) by extension 'ignore'
[0.376s] Level 1:colcon.colcon_core.package_identification:_identify(Arduino/sketch_jul14a) by extension 'ignore_ament_install'
[0.376s] Level 1:colcon.colcon_core.package_identification:_identify(Arduino/sketch_jul14a) by extensions ['colcon_pkg']
[0.376s] Level 1:colcon.colcon_core.package_identification:_identify(Arduino/sketch_jul14a) by extension 'colcon_pkg'
[0.376s] Level 1:colcon.colcon_core.package_identification:_identify(Arduino/sketch_jul14a) by extensions ['colcon_meta']
[0.376s] Level 1:colcon.colcon_core.package_identification:_identify(Arduino/sketch_jul14a) by extension 'colcon_meta'
[0.376s] Level 1:colcon.colcon_core.package_identification:_identify(Arduino/sketch_jul14a) by extensions ['ros']
[0.376s] Level 1:colcon.colcon_core.package_identification:_identify(Arduino/sketch_jul14a) by extension 'ros'
[0.376s] Level 1:colcon.colcon_core.package_identification:_identify(Arduino/sketch_jul14a) by extensions ['cmake', 'python']
[0.376s] Level 1:colcon.colcon_core.package_identification:_identify(Arduino/sketch_jul14a) by extension 'cmake'
[0.377s] Level 1:colcon.colcon_core.package_identification:_identify(Arduino/sketch_jul14a) by extension 'python'
[0.377s] Level 1:colcon.colcon_core.package_identification:_identify(Arduino/sketch_jul14a) by extensions ['python_setup_py']
[0.377s] Level 1:colcon.colcon_core.package_identification:_identify(Arduino/sketch_jul14a) by extension 'python_setup_py'
[0.377s] Level 1:colcon.colcon_core.package_identification:_identify(build) by extensions ['ignore', 'ignore_ament_install']
[0.377s] Level 1:colcon.colcon_core.package_identification:_identify(build) by extension 'ignore'
[0.377s] Level 1:colcon.colcon_core.package_identification:_identify(build) ignored
[0.377s] Level 1:colcon.colcon_core.package_identification:_identify(install) by extensions ['ignore', 'ignore_ament_install']
[0.377s] Level 1:colcon.colcon_core.package_identification:_identify(install) by extension 'ignore'
[0.377s] Level 1:colcon.colcon_core.package_identification:_identify(install) ignored
[0.377s] Level 1:colcon.colcon_core.package_identification:_identify(log) by extensions ['ignore', 'ignore_ament_install']
[0.377s] Level 1:colcon.colcon_core.package_identification:_identify(log) by extension 'ignore'
[0.377s] Level 1:colcon.colcon_core.package_identification:_identify(log) ignored
[0.377s] Level 1:colcon.colcon_core.package_identification:_identify(src) by extensions ['ignore', 'ignore_ament_install']
[0.378s] Level 1:colcon.colcon_core.package_identification:_identify(src) by extension 'ignore'
[0.378s] Level 1:colcon.colcon_core.package_identification:_identify(src) by extension 'ignore_ament_install'
[0.378s] Level 1:colcon.colcon_core.package_identification:_identify(src) by extensions ['colcon_pkg']
[0.378s] Level 1:colcon.colcon_core.package_identification:_identify(src) by extension 'colcon_pkg'
[0.378s] Level 1:colcon.colcon_core.package_identification:_identify(src) by extensions ['colcon_meta']
[0.378s] Level 1:colcon.colcon_core.package_identification:_identify(src) by extension 'colcon_meta'
[0.378s] Level 1:colcon.colcon_core.package_identification:_identify(src) by extensions ['ros']
[0.378s] Level 1:colcon.colcon_core.package_identification:_identify(src) by extension 'ros'
[0.378s] Level 1:colcon.colcon_core.package_identification:_identify(src) by extensions ['cmake', 'python']
[0.378s] Level 1:colcon.colcon_core.package_identification:_identify(src) by extension 'cmake'
[0.378s] Level 1:colcon.colcon_core.package_identification:_identify(src) by extension 'python'
[0.378s] Level 1:colcon.colcon_core.package_identification:_identify(src) by extensions ['python_setup_py']
[0.378s] Level 1:colcon.colcon_core.package_identification:_identify(src) by extension 'python_setup_py'
[0.378s] Level 1:colcon.colcon_core.package_identification:_identify(src/ROS2_Jazzy_Harmonic_tutorial-20250816T151001Z-1-001) by extensions ['ignore', 'ignore_ament_install']
[0.378s] Level 1:colcon.colcon_core.package_identification:_identify(src/ROS2_Jazzy_Harmonic_tutorial-20250816T151001Z-1-001) by extension 'ignore'
[0.378s] Level 1:colcon.colcon_core.package_identification:_identify(src/ROS2_Jazzy_Harmonic_tutorial-20250816T151001Z-1-001) by extension 'ignore_ament_install'
[0.378s] Level 1:colcon.colcon_core.package_identification:_identify(src/ROS2_Jazzy_Harmonic_tutorial-20250816T151001Z-1-001) by extensions ['colcon_pkg']
[0.378s] Level 1:colcon.colcon_core.package_identification:_identify(src/ROS2_Jazzy_Harmonic_tutorial-20250816T151001Z-1-001) by extension 'colcon_pkg'
[0.378s] Level 1:colcon.colcon_core.package_identification:_identify(src/ROS2_Jazzy_Harmonic_tutorial-20250816T151001Z-1-001) by extensions ['colcon_meta']
[0.379s] Level 1:colcon.colcon_core.package_identification:_identify(src/ROS2_Jazzy_Harmonic_tutorial-20250816T151001Z-1-001) by extension 'colcon_meta'
[0.379s] Level 1:colcon.colcon_core.package_identification:_identify(src/ROS2_Jazzy_Harmonic_tutorial-20250816T151001Z-1-001) by extensions ['ros']
[0.379s] Level 1:colcon.colcon_core.package_identification:_identify(src/ROS2_Jazzy_Harmonic_tutorial-20250816T151001Z-1-001) by extension 'ros'
[0.379s] Level 1:colcon.colcon_core.package_identification:_identify(src/ROS2_Jazzy_Harmonic_tutorial-20250816T151001Z-1-001) by extensions ['cmake', 'python']
[0.379s] Level 1:colcon.colcon_core.package_identification:_identify(src/ROS2_Jazzy_Harmonic_tutorial-20250816T151001Z-1-001) by extension 'cmake'
[0.379s] Level 1:colcon.colcon_core.package_identification:_identify(src/ROS2_Jazzy_Harmonic_tutorial-20250816T151001Z-1-001) by extension 'python'
[0.379s] Level 1:colcon.colcon_core.package_identification:_identify(src/ROS2_Jazzy_Harmonic_tutorial-20250816T151001Z-1-001) by extensions ['python_setup_py']
[0.379s] Level 1:colcon.colcon_core.package_identification:_identify(src/ROS2_Jazzy_Harmonic_tutorial-20250816T151001Z-1-001) by extension 'python_setup_py'
[0.379s] Level 1:colcon.colcon_core.package_identification:_identify(src/ROS2_Jazzy_Harmonic_tutorial-20250816T151001Z-1-001/ROS2_Jazzy_Harmonic_tutorial) by extensions ['ignore', 'ignore_ament_install']
[0.379s] Level 1:colcon.colcon_core.package_identification:_identify(src/ROS2_Jazzy_Harmonic_tutorial-20250816T151001Z-1-001/ROS2_Jazzy_Harmonic_tutorial) by extension 'ignore'
[0.379s] Level 1:colcon.colcon_core.package_identification:_identify(src/ROS2_Jazzy_Harmonic_tutorial-20250816T151001Z-1-001/ROS2_Jazzy_Harmonic_tutorial) by extension 'ignore_ament_install'
[0.379s] Level 1:colcon.colcon_core.package_identification:_identify(src/ROS2_Jazzy_Harmonic_tutorial-20250816T151001Z-1-001/ROS2_Jazzy_Harmonic_tutorial) by extensions ['colcon_pkg']
[0.379s] Level 1:colcon.colcon_core.package_identification:_identify(src/ROS2_Jazzy_Harmonic_tutorial-20250816T151001Z-1-001/ROS2_Jazzy_Harmonic_tutorial) by extension 'colcon_pkg'
[0.379s] Level 1:colcon.colcon_core.package_identification:_identify(src/ROS2_Jazzy_Harmonic_tutorial-20250816T151001Z-1-001/ROS2_Jazzy_Harmonic_tutorial) by extensions ['colcon_meta']
[0.379s] Level 1:colcon.colcon_core.package_identification:_identify(src/ROS2_Jazzy_Harmonic_tutorial-20250816T151001Z-1-001/ROS2_Jazzy_Harmonic_tutorial) by extension 'colcon_meta'
[0.379s] Level 1:colcon.colcon_core.package_identification:_identify(src/ROS2_Jazzy_Harmonic_tutorial-20250816T151001Z-1-001/ROS2_Jazzy_Harmonic_tutorial) by extensions ['ros']
[0.379s] Level 1:colcon.colcon_core.package_identification:_identify(src/ROS2_Jazzy_Harmonic_tutorial-20250816T151001Z-1-001/ROS2_Jazzy_Harmonic_tutorial) by extension 'ros'
[0.379s] Level 1:colcon.colcon_core.package_identification:_identify(src/ROS2_Jazzy_Harmonic_tutorial-20250816T151001Z-1-001/ROS2_Jazzy_Harmonic_tutorial) by extensions ['cmake', 'python']
[0.380s] Level 1:colcon.colcon_core.package_identification:_identify(src/ROS2_Jazzy_Harmonic_tutorial-20250816T151001Z-1-001/ROS2_Jazzy_Harmonic_tutorial) by extension 'cmake'
[0.380s] Level 1:colcon.colcon_core.package_identification:_identify(src/ROS2_Jazzy_Harmonic_tutorial-20250816T151001Z-1-001/ROS2_Jazzy_Harmonic_tutorial) by extension 'python'
[0.380s] Level 1:colcon.colcon_core.package_identification:_identify(src/ROS2_Jazzy_Harmonic_tutorial-20250816T151001Z-1-001/ROS2_Jazzy_Harmonic_tutorial) by extensions ['python_setup_py']
[0.380s] Level 1:colcon.colcon_core.package_identification:_identify(src/ROS2_Jazzy_Harmonic_tutorial-20250816T151001Z-1-001/ROS2_Jazzy_Harmonic_tutorial) by extension 'python_setup_py'
[0.380s] Level 1:colcon.colcon_core.package_identification:_identify(src/agv_gz) by extensions ['ignore', 'ignore_ament_install']
[0.380s] Level 1:colcon.colcon_core.package_identification:_identify(src/agv_gz) by extension 'ignore'
[0.380s] Level 1:colcon.colcon_core.package_identification:_identify(src/agv_gz) by extension 'ignore_ament_install'
[0.380s] Level 1:colcon.colcon_core.package_identification:_identify(src/agv_gz) by extensions ['colcon_pkg']
[0.380s] Level 1:colcon.colcon_core.package_identification:_identify(src/agv_gz) by extension 'colcon_pkg'
[0.380s] Level 1:colcon.colcon_core.package_identification:_identify(src/agv_gz) by extensions ['colcon_meta']
[0.380s] Level 1:colcon.colcon_core.package_identification:_identify(src/agv_gz) by extension 'colcon_meta'
[0.380s] Level 1:colcon.colcon_core.package_identification:_identify(src/agv_gz) by extensions ['ros']
[0.380s] Level 1:colcon.colcon_core.package_identification:_identify(src/agv_gz) by extension 'ros'
[0.385s] DEBUG:colcon.colcon_core.package_identification:Package 'src/agv_gz' with type 'ros.ament_python' and name 'agv_gz'
[0.385s] Level 1:colcon.colcon_core.package_identification:_identify(src/python_pkg) by extensions ['ignore', 'ignore_ament_install']
[0.385s] Level 1:colcon.colcon_core.package_identification:_identify(src/python_pkg) by extension 'ignore'
[0.385s] Level 1:colcon.colcon_core.package_identification:_identify(src/python_pkg) by extension 'ignore_ament_install'
[0.385s] Level 1:colcon.colcon_core.package_identification:_identify(src/python_pkg) by extensions ['colcon_pkg']
[0.386s] Level 1:colcon.colcon_core.package_identification:_identify(src/python_pkg) by extension 'colcon_pkg'
[0.386s] Level 1:colcon.colcon_core.package_identification:_identify(src/python_pkg) by extensions ['colcon_meta']
[0.386s] Level 1:colcon.colcon_core.package_identification:_identify(src/python_pkg) by extension 'colcon_meta'
[0.386s] Level 1:colcon.colcon_core.package_identification:_identify(src/python_pkg) by extensions ['ros']
[0.386s] Level 1:colcon.colcon_core.package_identification:_identify(src/python_pkg) by extension 'ros'
[0.387s] DEBUG:colcon.colcon_core.package_identification:Package 'src/python_pkg' with type 'ros.ament_python' and name 'python_pkg'
[0.387s] Level 1:colcon.colcon_core.package_discovery:discover_packages(recursive) using defaults
[0.387s] Level 1:colcon.colcon_core.package_discovery:discover_packages(ignore) discover
[0.387s] Level 1:colcon.colcon_core.package_discovery:discover_packages(ignore) using defaults
[0.387s] Level 1:colcon.colcon_core.package_discovery:discover_packages(path) discover
[0.387s] Level 1:colcon.colcon_core.package_discovery:discover_packages(path) using defaults
[0.426s] Level 1:colcon.colcon_core.package_discovery:discover_packages(prefix_path) check parameters
[0.426s] Level 1:colcon.colcon_core.package_discovery:discover_packages(prefix_path) discover
[0.430s] DEBUG:colcon.colcon_installed_package_information.package_discovery:Found 2 installed packages in /home/silvergaster/AGV/install
[0.433s] DEBUG:colcon.colcon_installed_package_information.package_discovery:Found 492 installed packages in /opt/ros/jazzy
[0.435s] Level 1:colcon.colcon_core.package_discovery:discover_packages(prefix_path) using defaults
[0.515s] Level 5:colcon.colcon_core.verb:set package 'agv_gz' build argument 'cmake_args' from command line to 'None'
[0.516s] Level 5:colcon.colcon_core.verb:set package 'agv_gz' build argument 'cmake_target' from command line to 'None'
[0.516s] Level 5:colcon.colcon_core.verb:set package 'agv_gz' build argument 'cmake_target_skip_unavailable' from command line to 'False'
[0.516s] Level 5:colcon.colcon_core.verb:set package 'agv_gz' build argument 'cmake_clean_cache' from command line to 'False'
[0.516s] Level 5:colcon.colcon_core.verb:set package 'agv_gz' build argument 'cmake_clean_first' from command line to 'False'
[0.516s] Level 5:colcon.colcon_core.verb:set package 'agv_gz' build argument 'cmake_force_configure' from command line to 'False'
[0.516s] Level 5:colcon.colcon_core.verb:set package 'agv_gz' build argument 'ament_cmake_args' from command line to 'None'
[0.516s] Level 5:colcon.colcon_core.verb:set package 'agv_gz' build argument 'catkin_cmake_args' from command line to 'None'
[0.516s] Level 5:colcon.colcon_core.verb:set package 'agv_gz' build argument 'catkin_skip_building_tests' from command line to 'False'
[0.516s] DEBUG:colcon.colcon_core.verb:Building package 'agv_gz' with the following arguments: {'ament_cmake_args': None, 'build_base': '/home/silvergaster/AGV/build/agv_gz', 'catkin_cmake_args': None, 'catkin_skip_building_tests': False, 'cmake_args': None, 'cmake_clean_cache': False, 'cmake_clean_first': False, 'cmake_force_configure': False, 'cmake_target': None, 'cmake_target_skip_unavailable': False, 'install_base': '/home/silvergaster/AGV/install/agv_gz', 'merge_install': False, 'path': '/home/silvergaster/AGV/src/agv_gz', 'symlink_install': False, 'test_result_base': None}
[0.516s] Level 5:colcon.colcon_core.verb:set package 'python_pkg' build argument 'cmake_args' from command line to 'None'
[0.516s] Level 5:colcon.colcon_core.verb:set package 'python_pkg' build argument 'cmake_target' from command line to 'None'
[0.516s] Level 5:colcon.colcon_core.verb:set package 'python_pkg' build argument 'cmake_target_skip_unavailable' from command line to 'False'
[0.516s] Level 5:colcon.colcon_core.verb:set package 'python_pkg' build argument 'cmake_clean_cache' from command line to 'False'
[0.516s] Level 5:colcon.colcon_core.verb:set package 'python_pkg' build argument 'cmake_clean_first' from command line to 'False'
[0.516s] Level 5:colcon.colcon_core.verb:set package 'python_pkg' build argument 'cmake_force_configure' from command line to 'False'
[0.516s] Level 5:colcon.colcon_core.verb:set package 'python_pkg' build argument 'ament_cmake_args' from command line to 'None'
[0.516s] Level 5:colcon.colcon_core.verb:set package 'python_pkg' build argument 'catkin_cmake_args' from command line to 'None'
[0.516s] Level 5:colcon.colcon_core.verb:set package 'python_pkg' build argument 'catkin_skip_building_tests' from command line to 'False'
[0.516s] DEBUG:colcon.colcon_core.verb:Building package 'python_pkg' with the following arguments: {'ament_cmake_args': None, 'build_base': '/home/silvergaster/AGV/build/python_pkg', 'catkin_cmake_args': None, 'catkin_skip_building_tests': False, 'cmake_args': None, 'cmake_clean_cache': False, 'cmake_clean_first': False, 'cmake_force_configure': False, 'cmake_target': None, 'cmake_target_skip_unavailable': False, 'install_base': '/home/silvergaster/AGV/install/python_pkg', 'merge_install': False, 'path': '/home/silvergaster/AGV/src/python_pkg', 'symlink_install': False, 'test_result_base': None}
[0.516s] INFO:colcon.colcon_core.executor:Executing jobs using 'parallel' executor
[0.517s] DEBUG:colcon.colcon_parallel_executor.executor.parallel:run_until_complete
[0.518s] INFO:colcon.colcon_ros.task.ament_python.build:Building ROS package in '/home/silvergaster/AGV/src/agv_gz' with build type 'ament_python'
[0.518s] Level 1:colcon.colcon_core.shell:create_environment_hook('agv_gz', 'ament_prefix_path')
[0.526s] INFO:colcon.colcon_core.plugin_system:Skipping extension 'colcon_core.shell.bat': Not used on non-Windows systems
[0.526s] INFO:colcon.colcon_core.shell:Creating environment hook '/home/silvergaster/AGV/install/agv_gz/share/agv_gz/hook/ament_prefix_path.ps1'
[0.527s] INFO:colcon.colcon_core.shell:Creating environment descriptor '/home/silvergaster/AGV/install/agv_gz/share/agv_gz/hook/ament_prefix_path.dsv'
[0.528s] INFO:colcon.colcon_core.shell:Creating environment hook '/home/silvergaster/AGV/install/agv_gz/share/agv_gz/hook/ament_prefix_path.sh'
[0.529s] INFO:colcon.colcon_core.shell:Skip shell extension 'powershell' for command environment: Not usable outside of PowerShell
[0.529s] DEBUG:colcon.colcon_core.shell:Skip shell extension 'dsv' for command environment
[0.534s] INFO:colcon.colcon_ros.task.ament_python.build:Building ROS package in '/home/silvergaster/AGV/src/python_pkg' with build type 'ament_python'
[0.534s] Level 1:colcon.colcon_core.shell:create_environment_hook('python_pkg', 'ament_prefix_path')
[0.535s] INFO:colcon.colcon_core.shell:Creating environment hook '/home/silvergaster/AGV/install/python_pkg/share/python_pkg/hook/ament_prefix_path.ps1'
[0.535s] INFO:colcon.colcon_core.shell:Creating environment descriptor '/home/silvergaster/AGV/install/python_pkg/share/python_pkg/hook/ament_prefix_path.dsv'
[0.536s] INFO:colcon.colcon_core.shell:Creating environment hook '/home/silvergaster/AGV/install/python_pkg/share/python_pkg/hook/ament_prefix_path.sh'
[0.536s] INFO:colcon.colcon_core.shell:Skip shell extension 'powershell' for command environment: Not usable outside of PowerShell
[0.536s] DEBUG:colcon.colcon_core.shell:Skip shell extension 'dsv' for command environment
[0.838s] INFO:colcon.colcon_core.task.python.build:Building Python package in '/home/silvergaster/AGV/src/agv_gz'
[0.838s] INFO:colcon.colcon_core.shell:Skip shell extension 'powershell' for command environment: Not usable outside of PowerShell
[0.838s] DEBUG:colcon.colcon_core.shell:Skip shell extension 'dsv' for command environment
[1.156s] INFO:colcon.colcon_core.task.python.build:Building Python package in '/home/silvergaster/AGV/src/python_pkg'
[1.156s] INFO:colcon.colcon_core.shell:Skip shell extension 'powershell' for command environment: Not usable outside of PowerShell
[1.156s] DEBUG:colcon.colcon_core.shell:Skip shell extension 'dsv' for command environment
[2.554s] DEBUG:colcon.colcon_core.event_handler.log_command:Invoking command in '/home/silvergaster/AGV/src/python_pkg': CONDA_PROMPT_MODIFIER=(base) DEBUGINFOD_URLS=https://debuginfod.ubuntu.com PYTHONPATH=/home/silvergaster/AGV/build/python_pkg/prefix_override:/usr/lib/python3/dist-packages/colcon_core/task/python/colcon_distutils_commands:/home/silvergaster/AGV/install/python_pkg/lib/python3.12/site-packages:${PYTHONPATH} /usr/bin/python3 -W ignore:setup.py install is deprecated -W ignore:easy_install command is deprecated setup.py egg_info --egg-base ../../build/python_pkg build --build-base /home/silvergaster/AGV/build/python_pkg/build install --record /home/silvergaster/AGV/build/python_pkg/install.log --single-version-externally-managed install_data
[2.561s] DEBUG:colcon.colcon_core.event_handler.log_command:Invoking command in '/home/silvergaster/AGV/src/agv_gz': CONDA_PROMPT_MODIFIER=(base) DEBUGINFOD_URLS=https://debuginfod.ubuntu.com PYTHONPATH=/home/silvergaster/AGV/build/agv_gz/prefix_override:/usr/lib/python3/dist-packages/colcon_core/task/python/colcon_distutils_commands:/home/silvergaster/AGV/install/agv_gz/lib/python3.12/site-packages:${PYTHONPATH} /usr/bin/python3 -W ignore:setup.py install is deprecated -W ignore:easy_install command is deprecated setup.py egg_info --egg-base ../../build/agv_gz build --build-base /home/silvergaster/AGV/build/agv_gz/build install --record /home/silvergaster/AGV/build/agv_gz/install.log --single-version-externally-managed install_data
[3.385s] DEBUG:colcon.colcon_core.event_handler.log_command:Invoked command in '/home/silvergaster/AGV/src/agv_gz' returned '0': CONDA_PROMPT_MODIFIER=(base) DEBUGINFOD_URLS=https://debuginfod.ubuntu.com PYTHONPATH=/home/silvergaster/AGV/build/agv_gz/prefix_override:/usr/lib/python3/dist-packages/colcon_core/task/python/colcon_distutils_commands:/home/silvergaster/AGV/install/agv_gz/lib/python3.12/site-packages:${PYTHONPATH} /usr/bin/python3 -W ignore:setup.py install is deprecated -W ignore:easy_install command is deprecated setup.py egg_info --egg-base ../../build/agv_gz build --build-base /home/silvergaster/AGV/build/agv_gz/build install --record /home/silvergaster/AGV/build/agv_gz/install.log --single-version-externally-managed install_data
[3.394s] Level 1:colcon.colcon_core.environment:checking '/home/silvergaster/AGV/install/agv_gz' for CMake module files
[3.395s] Level 1:colcon.colcon_core.environment:checking '/home/silvergaster/AGV/install/agv_gz' for CMake config files
[3.396s] Level 1:colcon.colcon_core.environment:checking '/home/silvergaster/AGV/install/agv_gz/lib'
[3.396s] Level 1:colcon.colcon_core.environment:checking '/home/silvergaster/AGV/install/agv_gz/bin'
[3.396s] Level 1:colcon.colcon_core.environment:checking '/home/silvergaster/AGV/install/agv_gz/lib/pkgconfig/agv_gz.pc'
[3.397s] Level 1:colcon.colcon_core.environment:checking '/home/silvergaster/AGV/install/agv_gz/lib/python3.12/site-packages'
[3.397s] Level 1:colcon.colcon_core.shell:create_environment_hook('agv_gz', 'pythonpath')
[3.397s] INFO:colcon.colcon_core.shell:Creating environment hook '/home/silvergaster/AGV/install/agv_gz/share/agv_gz/hook/pythonpath.ps1'
[3.398s] INFO:colcon.colcon_core.shell:Creating environment descriptor '/home/silvergaster/AGV/install/agv_gz/share/agv_gz/hook/pythonpath.dsv'
[3.398s] INFO:colcon.colcon_core.shell:Creating environment hook '/home/silvergaster/AGV/install/agv_gz/share/agv_gz/hook/pythonpath.sh'
[3.399s] Level 1:colcon.colcon_core.environment:checking '/home/silvergaster/AGV/install/agv_gz/bin'
[3.399s] Level 1:colcon.colcon_core.environment:create_environment_scripts_only(agv_gz)
[3.399s] INFO:colcon.colcon_core.shell:Creating package script '/home/silvergaster/AGV/install/agv_gz/share/agv_gz/package.ps1'
[3.401s] INFO:colcon.colcon_core.shell:Creating package descriptor '/home/silvergaster/AGV/install/agv_gz/share/agv_gz/package.dsv'
[3.402s] INFO:colcon.colcon_core.shell:Creating package script '/home/silvergaster/AGV/install/agv_gz/share/agv_gz/package.sh'
[3.403s] INFO:colcon.colcon_core.shell:Creating package script '/home/silvergaster/AGV/install/agv_gz/share/agv_gz/package.bash'
[3.405s] INFO:colcon.colcon_core.shell:Creating package script '/home/silvergaster/AGV/install/agv_gz/share/agv_gz/package.zsh'
[3.406s] Level 1:colcon.colcon_core.environment:create_file_with_runtime_dependencies(/home/silvergaster/AGV/install/agv_gz/share/colcon-core/packages/agv_gz)
[3.427s] Level 1:colcon.colcon_core.environment:checking '/home/silvergaster/AGV/install/python_pkg' for CMake module files
[3.428s] DEBUG:colcon.colcon_core.event_handler.log_command:Invoked command in '/home/silvergaster/AGV/src/python_pkg' returned '0': CONDA_PROMPT_MODIFIER=(base) DEBUGINFOD_URLS=https://debuginfod.ubuntu.com PYTHONPATH=/home/silvergaster/AGV/build/python_pkg/prefix_override:/usr/lib/python3/dist-packages/colcon_core/task/python/colcon_distutils_commands:/home/silvergaster/AGV/install/python_pkg/lib/python3.12/site-packages:${PYTHONPATH} /usr/bin/python3 -W ignore:setup.py install is deprecated -W ignore:easy_install command is deprecated setup.py egg_info --egg-base ../../build/python_pkg build --build-base /home/silvergaster/AGV/build/python_pkg/build install --record /home/silvergaster/AGV/build/python_pkg/install.log --single-version-externally-managed install_data
[3.428s] Level 1:colcon.colcon_core.environment:checking '/home/silvergaster/AGV/install/python_pkg' for CMake config files
[3.429s] Level 1:colcon.colcon_core.environment:checking '/home/silvergaster/AGV/install/python_pkg/lib'
[3.430s] Level 1:colcon.colcon_core.environment:checking '/home/silvergaster/AGV/install/python_pkg/bin'
[3.430s] Level 1:colcon.colcon_core.environment:checking '/home/silvergaster/AGV/install/python_pkg/lib/pkgconfig/python_pkg.pc'
[3.430s] Level 1:colcon.colcon_core.environment:checking '/home/silvergaster/AGV/install/python_pkg/lib/python3.12/site-packages'
[3.430s] Level 1:colcon.colcon_core.shell:create_environment_hook('python_pkg', 'pythonpath')
[3.430s] INFO:colcon.colcon_core.shell:Creating environment hook '/home/silvergaster/AGV/install/python_pkg/share/python_pkg/hook/pythonpath.ps1'
[3.431s] INFO:colcon.colcon_core.shell:Creating environment descriptor '/home/silvergaster/AGV/install/python_pkg/share/python_pkg/hook/pythonpath.dsv'
[3.431s] INFO:colcon.colcon_core.shell:Creating environment hook '/home/silvergaster/AGV/install/python_pkg/share/python_pkg/hook/pythonpath.sh'
[3.432s] Level 1:colcon.colcon_core.environment:checking '/home/silvergaster/AGV/install/python_pkg/bin'
[3.432s] Level 1:colcon.colcon_core.environment:create_environment_scripts_only(python_pkg)
[3.433s] INFO:colcon.colcon_core.shell:Creating package script '/home/silvergaster/AGV/install/python_pkg/share/python_pkg/package.ps1'
[3.433s] INFO:colcon.colcon_core.shell:Creating package descriptor '/home/silvergaster/AGV/install/python_pkg/share/python_pkg/package.dsv'
[3.434s] INFO:colcon.colcon_core.shell:Creating package script '/home/silvergaster/AGV/install/python_pkg/share/python_pkg/package.sh'
[3.434s] INFO:colcon.colcon_core.shell:Creating package script '/home/silvergaster/AGV/install/python_pkg/share/python_pkg/package.bash'
[3.435s] INFO:colcon.colcon_core.shell:Creating package script '/home/silvergaster/AGV/install/python_pkg/share/python_pkg/package.zsh'
[3.435s] Level 1:colcon.colcon_core.environment:create_file_with_runtime_dependencies(/home/silvergaster/AGV/install/python_pkg/share/colcon-core/packages/python_pkg)
[3.436s] DEBUG:colcon.colcon_parallel_executor.executor.parallel:closing loop
[3.437s] DEBUG:colcon.colcon_parallel_executor.executor.parallel:loop closed
[3.437s] DEBUG:colcon.colcon_parallel_executor.executor.parallel:run_until_complete finished with '0'
[3.437s] DEBUG:colcon.colcon_core.event_reactor:joining thread
[3.450s] INFO:colcon.colcon_core.plugin_system:Skipping extension 'colcon_notification.desktop_notification.terminal_notifier': Not used on non-Darwin systems
[3.451s] INFO:colcon.colcon_core.plugin_system:Skipping extension 'colcon_notification.desktop_notification.win32': Not used on non-Windows systems
[3.451s] INFO:colcon.colcon_notification.desktop_notification:Sending desktop notification using 'notify2'
[3.507s] DEBUG:colcon.colcon_core.event_reactor:joined thread
[3.507s] INFO:colcon.colcon_core.shell:Creating prefix script '/home/silvergaster/AGV/install/local_setup.ps1'
[3.509s] INFO:colcon.colcon_core.shell:Creating prefix util module '/home/silvergaster/AGV/install/_local_setup_util_ps1.py'
[3.512s] INFO:colcon.colcon_core.shell:Creating prefix chain script '/home/silvergaster/AGV/install/setup.ps1'
[3.514s] INFO:colcon.colcon_core.shell:Creating prefix script '/home/silvergaster/AGV/install/local_setup.sh'
[3.515s] INFO:colcon.colcon_core.shell:Creating prefix util module '/home/silvergaster/AGV/install/_local_setup_util_sh.py'
[3.516s] INFO:colcon.colcon_core.shell:Creating prefix chain script '/home/silvergaster/AGV/install/setup.sh'
[3.519s] INFO:colcon.colcon_core.shell:Creating prefix script '/home/silvergaster/AGV/install/local_setup.bash'
[3.520s] INFO:colcon.colcon_core.shell:Creating prefix chain script '/home/silvergaster/AGV/install/setup.bash'
[3.522s] INFO:colcon.colcon_core.shell:Creating prefix script '/home/silvergaster/AGV/install/local_setup.zsh'
[3.523s] INFO:colcon.colcon_core.shell:Creating prefix chain script '/home/silvergaster/AGV/install/setup.zsh'
