[0.022s] Invoking command in '/home/silvergaster/AGV/build/front': CMAKE_PREFIX_PATH=${CMAKE_PREFIX_PATH}:/home/silvergaster/AGV/install/python_pkg:/opt/ros/jazzy CONDA_PROMPT_MODIFIER=(base) DEBUGINFOD_URLS=https://debuginfod.ubuntu.com /usr/bin/cmake /home/silvergaster/AGV/src/front -DCMAKE_INSTALL_PREFIX=/home/silvergaster/AGV/install/front
[0.215s] -- The C compiler identification is GNU 13.3.0
[0.393s] -- The CXX compiler identification is GNU 13.3.0
[0.427s] -- Detecting C compiler ABI info
[0.550s] -- Detecting C compiler ABI info - done
[0.564s] -- Check for working C compiler: /usr/bin/cc - skipped
[0.565s] -- Detecting C compile features
[0.566s] -- Detecting C compile features - done
[0.579s] -- Detecting CXX compiler ABI info
[0.702s] -- Detecting CXX compiler ABI info - done
[0.722s] -- Check for working CXX compiler: /usr/bin/c++ - skipped
[0.723s] -- Detecting CXX compile features
[0.724s] -- Detecting CXX compile features - done
[0.737s] -- Found ament_cmake: 2.5.4 (/opt/ros/jazzy/share/ament_cmake/cmake)
[0.899s] -- Found Python3: /home/silvergaster/miniconda3/bin/python3 (found version "3.13.5") found components: Interpreter 
[1.099s] -- Found ament_lint_auto: 0.17.2 (/opt/ros/jazzy/share/ament_lint_auto/cmake)
[1.299s] -- Added test 'flake8' to check Python code syntax and style conventions
[1.299s] -- Configured 'flake8' exclude dirs and/or files: 
[1.301s] -- Added test 'lint_cmake' to check CMake code style
[1.303s] -- Added test 'pep257' to check Python code against some of the docstring style conventions in PEP 257
[1.307s] -- Added test 'xmllint' to check XML markup files
[1.310s] -- Configuring done (1.3s)
[1.314s] -- Generating done (0.0s)
[1.316s] -- Build files have been written to: /home/silvergaster/AGV/build/front
[1.322s] Invoked command in '/home/silvergaster/AGV/build/front' returned '0': CMAKE_PREFIX_PATH=${CMAKE_PREFIX_PATH}:/home/silvergaster/AGV/install/python_pkg:/opt/ros/jazzy CONDA_PROMPT_MODIFIER=(base) DEBUGINFOD_URLS=https://debuginfod.ubuntu.com /usr/bin/cmake /home/silvergaster/AGV/src/front -DCMAKE_INSTALL_PREFIX=/home/silvergaster/AGV/install/front
[1.324s] Invoking command in '/home/silvergaster/AGV/build/front': CMAKE_PREFIX_PATH=${CMAKE_PREFIX_PATH}:/home/silvergaster/AGV/install/python_pkg:/opt/ros/jazzy CONDA_PROMPT_MODIFIER=(base) DEBUGINFOD_URLS=https://debuginfod.ubuntu.com /usr/bin/cmake --build /home/silvergaster/AGV/build/front -- -j4 -l4
[1.377s] Invoked command in '/home/silvergaster/AGV/build/front' returned '0': CMAKE_PREFIX_PATH=${CMAKE_PREFIX_PATH}:/home/silvergaster/AGV/install/python_pkg:/opt/ros/jazzy CONDA_PROMPT_MODIFIER=(base) DEBUGINFOD_URLS=https://debuginfod.ubuntu.com /usr/bin/cmake --build /home/silvergaster/AGV/build/front -- -j4 -l4
[1.393s] Invoking command in '/home/silvergaster/AGV/build/front': CMAKE_PREFIX_PATH=${CMAKE_PREFIX_PATH}:/home/silvergaster/AGV/install/python_pkg:/opt/ros/jazzy CONDA_PROMPT_MODIFIER=(base) DEBUGINFOD_URLS=https://debuginfod.ubuntu.com /usr/bin/cmake --install /home/silvergaster/AGV/build/front
[1.404s] -- Install configuration: ""
[1.406s] -- Installing: /home/silvergaster/AGV/install/front/share/front/launch
[1.406s] -- Installing: /home/silvergaster/AGV/install/front/share/front/launch/gazebo.launch.py
[1.407s] -- Installing: /home/silvergaster/AGV/install/front/share/front/launch/display.launch.py
[1.407s] -- Installing: /home/silvergaster/AGV/install/front/share/front/launch/description.launch.py
[1.407s] -- Installing: /home/silvergaster/AGV/install/front/share/front/meshes
[1.407s] -- Installing: /home/silvergaster/AGV/install/front/share/front/meshes/assem1_simplefrontwheelsteering4v005_n0txft.dae
[1.409s] -- Installing: /home/silvergaster/AGV/install/front/share/front/meshes/assem1_simplefrontwheelsteering2v004_0utofy.dae
[1.413s] -- Installing: /home/silvergaster/AGV/install/front/share/front/meshes/assem1_base_link_kshh9p.dae
[1.415s] -- Installing: /home/silvergaster/AGV/install/front/share/front/meshes/assem1_simplefrontwheelsteering4_rollingv1_lbo4yt.dae
[1.420s] -- Installing: /home/silvergaster/AGV/install/front/share/front/meshes/assem1_simplefrontwheelsteering4v4_5dlltd.dae
[1.421s] -- Installing: /home/silvergaster/AGV/install/front/share/front/meshes/assem1_simplefrontwheelsteering2_rollingv1_tf9b4o.dae
[1.426s] -- Installing: /home/silvergaster/AGV/install/front/share/front/meshes/assem1_simplefrontwheelsteering2v3_vvsqon.dae
[1.426s] -- Installing: /home/silvergaster/AGV/install/front/share/front/rviz
[1.427s] -- Installing: /home/silvergaster/AGV/install/front/share/front/rviz/robot_description.rviz
[1.427s] -- Installing: /home/silvergaster/AGV/install/front/share/front/urdf
[1.427s] -- Installing: /home/silvergaster/AGV/install/front/share/front/urdf/Robot.urdf
[1.427s] -- Installing: /home/silvergaster/AGV/install/front/share/front/urdf/Robot_sensors.urdf.xacro
[1.428s] -- Installing: /home/silvergaster/AGV/install/front/share/front/urdf/Robot_wrapper.urdf.xacro
[1.428s] -- Installing: /home/silvergaster/AGV/install/front/share/front/worlds
[1.428s] -- Installing: /home/silvergaster/AGV/install/front/share/front/worlds/cars_and_trees.sdf
[1.429s] -- Installing: /home/silvergaster/AGV/install/front/share/front/worlds/empty.sdf
[1.430s] -- Installing: /home/silvergaster/AGV/install/front/share/ament_index/resource_index/package_run_dependencies/front
[1.430s] -- Installing: /home/silvergaster/AGV/install/front/share/ament_index/resource_index/parent_prefix_path/front
[1.430s] -- Installing: /home/silvergaster/AGV/install/front/share/front/environment/ament_prefix_path.sh
[1.430s] -- Installing: /home/silvergaster/AGV/install/front/share/front/environment/ament_prefix_path.dsv
[1.431s] -- Installing: /home/silvergaster/AGV/install/front/share/front/environment/path.sh
[1.431s] -- Installing: /home/silvergaster/AGV/install/front/share/front/environment/path.dsv
[1.431s] -- Installing: /home/silvergaster/AGV/install/front/share/front/local_setup.bash
[1.431s] -- Installing: /home/silvergaster/AGV/install/front/share/front/local_setup.sh
[1.432s] -- Installing: /home/silvergaster/AGV/install/front/share/front/local_setup.zsh
[1.432s] -- Installing: /home/silvergaster/AGV/install/front/share/front/local_setup.dsv
[1.432s] -- Installing: /home/silvergaster/AGV/install/front/share/front/package.dsv
[1.433s] -- Installing: /home/silvergaster/AGV/install/front/share/ament_index/resource_index/packages/front
[1.433s] -- Installing: /home/silvergaster/AGV/install/front/share/front/cmake/frontConfig.cmake
[1.433s] -- Installing: /home/silvergaster/AGV/install/front/share/front/cmake/frontConfig-version.cmake
[1.433s] -- Installing: /home/silvergaster/AGV/install/front/share/front/package.xml
[1.438s] Invoked command in '/home/silvergaster/AGV/build/front' returned '0': CMAKE_PREFIX_PATH=${CMAKE_PREFIX_PATH}:/home/silvergaster/AGV/install/python_pkg:/opt/ros/jazzy CONDA_PROMPT_MODIFIER=(base) DEBUGINFOD_URLS=https://debuginfod.ubuntu.com /usr/bin/cmake --install /home/silvergaster/AGV/build/front
