[2.042s] Invoking command in '/home/silvergaster/AGV/src/agv_gz': CONDA_PROMPT_MODIFIER=(base) DEBUGINFOD_URLS=https://debuginfod.ubuntu.com PYTHONPATH=/home/silvergaster/AGV/build/agv_gz/prefix_override:/usr/lib/python3/dist-packages/colcon_core/task/python/colcon_distutils_commands:/home/silvergaster/AGV/install/agv_gz/lib/python3.12/site-packages:${PYTHONPATH} /usr/bin/python3 -W ignore:setup.py install is deprecated -W ignore:easy_install command is deprecated setup.py egg_info --egg-base ../../build/agv_gz build --build-base /home/silvergaster/AGV/build/agv_gz/build install --record /home/silvergaster/AGV/build/agv_gz/install.log --single-version-externally-managed install_data
[2.467s] running egg_info
[2.468s] creating ../../build/agv_gz/agv_gz.egg-info
[2.500s] writing ../../build/agv_gz/agv_gz.egg-info/PKG-INFO
[2.500s] writing dependency_links to ../../build/agv_gz/agv_gz.egg-info/dependency_links.txt
[2.501s] writing requirements to ../../build/agv_gz/agv_gz.egg-info/requires.txt
[2.501s] writing top-level names to ../../build/agv_gz/agv_gz.egg-info/top_level.txt
[2.501s] writing manifest file '../../build/agv_gz/agv_gz.egg-info/SOURCES.txt'
[2.535s] reading manifest file '../../build/agv_gz/agv_gz.egg-info/SOURCES.txt'
[2.536s] writing manifest file '../../build/agv_gz/agv_gz.egg-info/SOURCES.txt'
[2.536s] running build
[2.536s] running install
[2.544s] running install_data
[2.544s] creating /home/silvergaster/AGV/install/agv_gz/share/ament_index
[2.545s] creating /home/silvergaster/AGV/install/agv_gz/share/ament_index/resource_index
[2.545s] creating /home/silvergaster/AGV/install/agv_gz/share/ament_index/resource_index/packages
[2.545s] copying resource/agv_gz -> /home/silvergaster/AGV/install/agv_gz/share/ament_index/resource_index/packages
[2.545s] copying package.xml -> /home/silvergaster/AGV/install/agv_gz/share/agv_gz
[2.545s] running install_egg_info
[2.614s] Copying ../../build/agv_gz/agv_gz.egg-info to /home/silvergaster/AGV/install/agv_gz/lib/python3.12/site-packages/agv_gz-0.0.0-py3.12.egg-info
[2.615s] running install_scripts
[2.823s] writing list of installed files to '/home/silvergaster/AGV/build/agv_gz/install.log'
[2.867s] Invoked command in '/home/silvergaster/AGV/src/agv_gz' returned '0': CONDA_PROMPT_MODIFIER=(base) DEBUGINFOD_URLS=https://debuginfod.ubuntu.com PYTHONPATH=/home/silvergaster/AGV/build/agv_gz/prefix_override:/usr/lib/python3/dist-packages/colcon_core/task/python/colcon_distutils_commands:/home/silvergaster/AGV/install/agv_gz/lib/python3.12/site-packages:${PYTHONPATH} /usr/bin/python3 -W ignore:setup.py install is deprecated -W ignore:easy_install command is deprecated setup.py egg_info --egg-base ../../build/agv_gz build --build-base /home/silvergaster/AGV/build/agv_gz/build install --record /home/silvergaster/AGV/build/agv_gz/install.log --single-version-externally-managed install_data
