[0.130s] DEBUG:colcon:Command line arguments: ['/usr/bin/colcon', 'build']
[0.130s] DEBUG:colcon:Parsed command line arguments: Namespace(log_base=None, log_level=None, verb_name='build', build_base='build', install_base='install', merge_install=False, symlink_install=False, test_result_base=None, continue_on_error=False, executor='parallel', parallel_workers=4, event_handlers=None, ignore_user_meta=False, metas=['./colcon.meta'], base_paths=['.'], packages_ignore=None, packages_ignore_regex=None, paths=None, packages_up_to=None, packages_up_to_regex=None, packages_above=None, packages_above_and_dependencies=None, packages_above_depth=None, packages_select_by_dep=None, packages_skip_by_dep=None, packages_skip_up_to=None, packages_select_build_failed=False, packages_skip_build_finished=False, packages_select_test_failures=False, packages_skip_test_passed=False, packages_select=None, packages_skip=None, packages_select_regex=None, packages_skip_regex=None, packages_start=None, packages_end=None, allow_overriding=[], cmake_args=None, cmake_target=None, cmake_target_skip_unavailable=False, cmake_clean_cache=False, cmake_clean_first=False, cmake_force_configure=False, ament_cmake_args=None, catkin_cmake_args=None, catkin_skip_building_tests=False, mixin_files=None, mixin=None, verb_parser=<colcon_mixin.mixin.mixin_argument.MixinArgumentDecorator object at 0x7687e175ac90>, verb_extension=<colcon_core.verb.build.BuildVerb object at 0x7687e18d29f0>, main=<bound method BuildVerb.main of <colcon_core.verb.build.BuildVerb object at 0x7687e18d29f0>>, mixin_verb=('build',))
[0.175s] Level 1:colcon.colcon_core.package_discovery:discover_packages(colcon_meta) check parameters
[0.175s] Level 1:colcon.colcon_core.package_discovery:discover_packages(recursive) check parameters
[0.175s] Level 1:colcon.colcon_core.package_discovery:discover_packages(ignore) check parameters
[0.175s] Level 1:colcon.colcon_core.package_discovery:discover_packages(path) check parameters
[0.175s] Level 1:colcon.colcon_core.package_discovery:discover_packages(colcon_meta) discover
[0.175s] Level 1:colcon.colcon_core.package_discovery:discover_packages(recursive) discover
[0.175s] INFO:colcon.colcon_core.package_discovery:Crawling recursively for packages in '/home/silvergaster/AGV'
[0.176s] Level 1:colcon.colcon_core.package_identification:_identify(.) by extensions ['ignore', 'ignore_ament_install']
[0.176s] Level 1:colcon.colcon_core.package_identification:_identify(.) by extension 'ignore'
[0.176s] Level 1:colcon.colcon_core.package_identification:_identify(.) by extension 'ignore_ament_install'
[0.176s] Level 1:colcon.colcon_core.package_identification:_identify(.) by extensions ['colcon_pkg']
[0.176s] Level 1:colcon.colcon_core.package_identification:_identify(.) by extension 'colcon_pkg'
[0.176s] Level 1:colcon.colcon_core.package_identification:_identify(.) by extensions ['colcon_meta']
[0.176s] Level 1:colcon.colcon_core.package_identification:_identify(.) by extension 'colcon_meta'
[0.176s] Level 1:colcon.colcon_core.package_identification:_identify(.) by extensions ['ros']
[0.176s] Level 1:colcon.colcon_core.package_identification:_identify(.) by extension 'ros'
[0.204s] Level 1:colcon.colcon_core.package_identification:_identify(.) by extensions ['cmake', 'python']
[0.204s] Level 1:colcon.colcon_core.package_identification:_identify(.) by extension 'cmake'
[0.204s] Level 1:colcon.colcon_core.package_identification:_identify(.) by extension 'python'
[0.205s] Level 1:colcon.colcon_core.package_identification:_identify(.) by extensions ['python_setup_py']
[0.205s] Level 1:colcon.colcon_core.package_identification:_identify(.) by extension 'python_setup_py'
[0.205s] Level 1:colcon.colcon_core.package_identification:_identify(Arduino) by extensions ['ignore', 'ignore_ament_install']
[0.205s] Level 1:colcon.colcon_core.package_identification:_identify(Arduino) by extension 'ignore'
[0.205s] Level 1:colcon.colcon_core.package_identification:_identify(Arduino) by extension 'ignore_ament_install'
[0.205s] Level 1:colcon.colcon_core.package_identification:_identify(Arduino) by extensions ['colcon_pkg']
[0.205s] Level 1:colcon.colcon_core.package_identification:_identify(Arduino) by extension 'colcon_pkg'
[0.205s] Level 1:colcon.colcon_core.package_identification:_identify(Arduino) by extensions ['colcon_meta']
[0.205s] Level 1:colcon.colcon_core.package_identification:_identify(Arduino) by extension 'colcon_meta'
[0.206s] Level 1:colcon.colcon_core.package_identification:_identify(Arduino) by extensions ['ros']
[0.206s] Level 1:colcon.colcon_core.package_identification:_identify(Arduino) by extension 'ros'
[0.206s] Level 1:colcon.colcon_core.package_identification:_identify(Arduino) by extensions ['cmake', 'python']
[0.206s] Level 1:colcon.colcon_core.package_identification:_identify(Arduino) by extension 'cmake'
[0.206s] Level 1:colcon.colcon_core.package_identification:_identify(Arduino) by extension 'python'
[0.206s] Level 1:colcon.colcon_core.package_identification:_identify(Arduino) by extensions ['python_setup_py']
[0.206s] Level 1:colcon.colcon_core.package_identification:_identify(Arduino) by extension 'python_setup_py'
[0.206s] Level 1:colcon.colcon_core.package_identification:_identify(Arduino/sketch_jul14a) by extensions ['ignore', 'ignore_ament_install']
[0.206s] Level 1:colcon.colcon_core.package_identification:_identify(Arduino/sketch_jul14a) by extension 'ignore'
[0.207s] Level 1:colcon.colcon_core.package_identification:_identify(Arduino/sketch_jul14a) by extension 'ignore_ament_install'
[0.207s] Level 1:colcon.colcon_core.package_identification:_identify(Arduino/sketch_jul14a) by extensions ['colcon_pkg']
[0.207s] Level 1:colcon.colcon_core.package_identification:_identify(Arduino/sketch_jul14a) by extension 'colcon_pkg'
[0.207s] Level 1:colcon.colcon_core.package_identification:_identify(Arduino/sketch_jul14a) by extensions ['colcon_meta']
[0.207s] Level 1:colcon.colcon_core.package_identification:_identify(Arduino/sketch_jul14a) by extension 'colcon_meta'
[0.207s] Level 1:colcon.colcon_core.package_identification:_identify(Arduino/sketch_jul14a) by extensions ['ros']
[0.207s] Level 1:colcon.colcon_core.package_identification:_identify(Arduino/sketch_jul14a) by extension 'ros'
[0.207s] Level 1:colcon.colcon_core.package_identification:_identify(Arduino/sketch_jul14a) by extensions ['cmake', 'python']
[0.207s] Level 1:colcon.colcon_core.package_identification:_identify(Arduino/sketch_jul14a) by extension 'cmake'
[0.207s] Level 1:colcon.colcon_core.package_identification:_identify(Arduino/sketch_jul14a) by extension 'python'
[0.207s] Level 1:colcon.colcon_core.package_identification:_identify(Arduino/sketch_jul14a) by extensions ['python_setup_py']
[0.207s] Level 1:colcon.colcon_core.package_identification:_identify(Arduino/sketch_jul14a) by extension 'python_setup_py'
[0.208s] Level 1:colcon.colcon_core.package_identification:_identify(build) by extensions ['ignore', 'ignore_ament_install']
[0.208s] Level 1:colcon.colcon_core.package_identification:_identify(build) by extension 'ignore'
[0.208s] Level 1:colcon.colcon_core.package_identification:_identify(build) ignored
[0.208s] Level 1:colcon.colcon_core.package_identification:_identify(install) by extensions ['ignore', 'ignore_ament_install']
[0.208s] Level 1:colcon.colcon_core.package_identification:_identify(install) by extension 'ignore'
[0.208s] Level 1:colcon.colcon_core.package_identification:_identify(install) ignored
[0.209s] Level 1:colcon.colcon_core.package_identification:_identify(log) by extensions ['ignore', 'ignore_ament_install']
[0.209s] Level 1:colcon.colcon_core.package_identification:_identify(log) by extension 'ignore'
[0.209s] Level 1:colcon.colcon_core.package_identification:_identify(log) ignored
[0.209s] Level 1:colcon.colcon_core.package_identification:_identify(src) by extensions ['ignore', 'ignore_ament_install']
[0.209s] Level 1:colcon.colcon_core.package_identification:_identify(src) by extension 'ignore'
[0.209s] Level 1:colcon.colcon_core.package_identification:_identify(src) by extension 'ignore_ament_install'
[0.209s] Level 1:colcon.colcon_core.package_identification:_identify(src) by extensions ['colcon_pkg']
[0.209s] Level 1:colcon.colcon_core.package_identification:_identify(src) by extension 'colcon_pkg'
[0.209s] Level 1:colcon.colcon_core.package_identification:_identify(src) by extensions ['colcon_meta']
[0.210s] Level 1:colcon.colcon_core.package_identification:_identify(src) by extension 'colcon_meta'
[0.210s] Level 1:colcon.colcon_core.package_identification:_identify(src) by extensions ['ros']
[0.210s] Level 1:colcon.colcon_core.package_identification:_identify(src) by extension 'ros'
[0.210s] Level 1:colcon.colcon_core.package_identification:_identify(src) by extensions ['cmake', 'python']
[0.210s] Level 1:colcon.colcon_core.package_identification:_identify(src) by extension 'cmake'
[0.210s] Level 1:colcon.colcon_core.package_identification:_identify(src) by extension 'python'
[0.210s] Level 1:colcon.colcon_core.package_identification:_identify(src) by extensions ['python_setup_py']
[0.210s] Level 1:colcon.colcon_core.package_identification:_identify(src) by extension 'python_setup_py'
[0.210s] Level 1:colcon.colcon_core.package_identification:_identify(src/front) by extensions ['ignore', 'ignore_ament_install']
[0.210s] Level 1:colcon.colcon_core.package_identification:_identify(src/front) by extension 'ignore'
[0.211s] Level 1:colcon.colcon_core.package_identification:_identify(src/front) by extension 'ignore_ament_install'
[0.211s] Level 1:colcon.colcon_core.package_identification:_identify(src/front) by extensions ['colcon_pkg']
[0.211s] Level 1:colcon.colcon_core.package_identification:_identify(src/front) by extension 'colcon_pkg'
[0.211s] Level 1:colcon.colcon_core.package_identification:_identify(src/front) by extensions ['colcon_meta']
[0.211s] Level 1:colcon.colcon_core.package_identification:_identify(src/front) by extension 'colcon_meta'
[0.211s] Level 1:colcon.colcon_core.package_identification:_identify(src/front) by extensions ['ros']
[0.211s] Level 1:colcon.colcon_core.package_identification:_identify(src/front) by extension 'ros'
[0.214s] DEBUG:colcon.colcon_core.package_identification:Package 'src/front' with type 'ros.ament_cmake' and name 'front'
[0.214s] Level 1:colcon.colcon_core.package_identification:_identify(src/python_pkg) by extensions ['ignore', 'ignore_ament_install']
[0.214s] Level 1:colcon.colcon_core.package_identification:_identify(src/python_pkg) by extension 'ignore'
[0.214s] Level 1:colcon.colcon_core.package_identification:_identify(src/python_pkg) by extension 'ignore_ament_install'
[0.214s] Level 1:colcon.colcon_core.package_identification:_identify(src/python_pkg) by extensions ['colcon_pkg']
[0.214s] Level 1:colcon.colcon_core.package_identification:_identify(src/python_pkg) by extension 'colcon_pkg'
[0.214s] Level 1:colcon.colcon_core.package_identification:_identify(src/python_pkg) by extensions ['colcon_meta']
[0.215s] Level 1:colcon.colcon_core.package_identification:_identify(src/python_pkg) by extension 'colcon_meta'
[0.215s] Level 1:colcon.colcon_core.package_identification:_identify(src/python_pkg) by extensions ['ros']
[0.215s] Level 1:colcon.colcon_core.package_identification:_identify(src/python_pkg) by extension 'ros'
[0.215s] DEBUG:colcon.colcon_core.package_identification:Package 'src/python_pkg' with type 'ros.ament_python' and name 'python_pkg'
[0.215s] Level 1:colcon.colcon_core.package_discovery:discover_packages(recursive) using defaults
[0.215s] Level 1:colcon.colcon_core.package_discovery:discover_packages(ignore) discover
[0.215s] Level 1:colcon.colcon_core.package_discovery:discover_packages(ignore) using defaults
[0.216s] Level 1:colcon.colcon_core.package_discovery:discover_packages(path) discover
[0.216s] Level 1:colcon.colcon_core.package_discovery:discover_packages(path) using defaults
[0.235s] Level 1:colcon.colcon_core.package_discovery:discover_packages(prefix_path) check parameters
[0.235s] Level 1:colcon.colcon_core.package_discovery:discover_packages(prefix_path) discover
[0.237s] DEBUG:colcon.colcon_installed_package_information.package_discovery:Found 2 installed packages in /home/silvergaster/AGV/install
[0.240s] DEBUG:colcon.colcon_installed_package_information.package_discovery:Found 492 installed packages in /opt/ros/jazzy
[0.242s] Level 1:colcon.colcon_core.package_discovery:discover_packages(prefix_path) using defaults
[0.318s] Level 5:colcon.colcon_core.verb:set package 'front' build argument 'cmake_args' from command line to 'None'
[0.319s] Level 5:colcon.colcon_core.verb:set package 'front' build argument 'cmake_target' from command line to 'None'
[0.319s] Level 5:colcon.colcon_core.verb:set package 'front' build argument 'cmake_target_skip_unavailable' from command line to 'False'
[0.319s] Level 5:colcon.colcon_core.verb:set package 'front' build argument 'cmake_clean_cache' from command line to 'False'
[0.319s] Level 5:colcon.colcon_core.verb:set package 'front' build argument 'cmake_clean_first' from command line to 'False'
[0.319s] Level 5:colcon.colcon_core.verb:set package 'front' build argument 'cmake_force_configure' from command line to 'False'
[0.319s] Level 5:colcon.colcon_core.verb:set package 'front' build argument 'ament_cmake_args' from command line to 'None'
[0.319s] Level 5:colcon.colcon_core.verb:set package 'front' build argument 'catkin_cmake_args' from command line to 'None'
[0.319s] Level 5:colcon.colcon_core.verb:set package 'front' build argument 'catkin_skip_building_tests' from command line to 'False'
[0.319s] DEBUG:colcon.colcon_core.verb:Building package 'front' with the following arguments: {'ament_cmake_args': None, 'build_base': '/home/silvergaster/AGV/build/front', 'catkin_cmake_args': None, 'catkin_skip_building_tests': False, 'cmake_args': None, 'cmake_clean_cache': False, 'cmake_clean_first': False, 'cmake_force_configure': False, 'cmake_target': None, 'cmake_target_skip_unavailable': False, 'install_base': '/home/silvergaster/AGV/install/front', 'merge_install': False, 'path': '/home/silvergaster/AGV/src/front', 'symlink_install': False, 'test_result_base': None}
[0.319s] Level 5:colcon.colcon_core.verb:set package 'python_pkg' build argument 'cmake_args' from command line to 'None'
[0.319s] Level 5:colcon.colcon_core.verb:set package 'python_pkg' build argument 'cmake_target' from command line to 'None'
[0.319s] Level 5:colcon.colcon_core.verb:set package 'python_pkg' build argument 'cmake_target_skip_unavailable' from command line to 'False'
[0.320s] Level 5:colcon.colcon_core.verb:set package 'python_pkg' build argument 'cmake_clean_cache' from command line to 'False'
[0.320s] Level 5:colcon.colcon_core.verb:set package 'python_pkg' build argument 'cmake_clean_first' from command line to 'False'
[0.320s] Level 5:colcon.colcon_core.verb:set package 'python_pkg' build argument 'cmake_force_configure' from command line to 'False'
[0.320s] Level 5:colcon.colcon_core.verb:set package 'python_pkg' build argument 'ament_cmake_args' from command line to 'None'
[0.320s] Level 5:colcon.colcon_core.verb:set package 'python_pkg' build argument 'catkin_cmake_args' from command line to 'None'
[0.320s] Level 5:colcon.colcon_core.verb:set package 'python_pkg' build argument 'catkin_skip_building_tests' from command line to 'False'
[0.320s] DEBUG:colcon.colcon_core.verb:Building package 'python_pkg' with the following arguments: {'ament_cmake_args': None, 'build_base': '/home/silvergaster/AGV/build/python_pkg', 'catkin_cmake_args': None, 'catkin_skip_building_tests': False, 'cmake_args': None, 'cmake_clean_cache': False, 'cmake_clean_first': False, 'cmake_force_configure': False, 'cmake_target': None, 'cmake_target_skip_unavailable': False, 'install_base': '/home/silvergaster/AGV/install/python_pkg', 'merge_install': False, 'path': '/home/silvergaster/AGV/src/python_pkg', 'symlink_install': False, 'test_result_base': None}
[0.320s] INFO:colcon.colcon_core.executor:Executing jobs using 'parallel' executor
[0.321s] DEBUG:colcon.colcon_parallel_executor.executor.parallel:run_until_complete
[0.322s] INFO:colcon.colcon_ros.task.ament_cmake.build:Building ROS package in '/home/silvergaster/AGV/src/front' with build type 'ament_cmake'
[0.322s] INFO:colcon.colcon_cmake.task.cmake.build:Building CMake package in '/home/silvergaster/AGV/src/front'
[0.325s] INFO:colcon.colcon_core.plugin_system:Skipping extension 'colcon_core.shell.bat': Not used on non-Windows systems
[0.325s] INFO:colcon.colcon_core.shell:Skip shell extension 'powershell' for command environment: Not usable outside of PowerShell
[0.325s] DEBUG:colcon.colcon_core.shell:Skip shell extension 'dsv' for command environment
[0.331s] INFO:colcon.colcon_ros.task.ament_python.build:Building ROS package in '/home/silvergaster/AGV/src/python_pkg' with build type 'ament_python'
[0.331s] Level 1:colcon.colcon_core.shell:create_environment_hook('python_pkg', 'ament_prefix_path')
[0.331s] INFO:colcon.colcon_core.shell:Creating environment hook '/home/silvergaster/AGV/install/python_pkg/share/python_pkg/hook/ament_prefix_path.ps1'
[0.332s] INFO:colcon.colcon_core.shell:Creating environment descriptor '/home/silvergaster/AGV/install/python_pkg/share/python_pkg/hook/ament_prefix_path.dsv'
[0.333s] INFO:colcon.colcon_core.shell:Creating environment hook '/home/silvergaster/AGV/install/python_pkg/share/python_pkg/hook/ament_prefix_path.sh'
[0.333s] INFO:colcon.colcon_core.shell:Skip shell extension 'powershell' for command environment: Not usable outside of PowerShell
[0.333s] DEBUG:colcon.colcon_core.shell:Skip shell extension 'dsv' for command environment
[0.361s] DEBUG:colcon.colcon_core.event_handler.log_command:Invoking command in '/home/silvergaster/AGV/build/front': CMAKE_PREFIX_PATH=${CMAKE_PREFIX_PATH}:/home/silvergaster/AGV/install/python_pkg:/opt/ros/jazzy CONDA_PROMPT_MODIFIER=(base) DEBUGINFOD_URLS=https://debuginfod.ubuntu.com /usr/bin/cmake --build /home/silvergaster/AGV/build/front -- -j4 -l4
[0.771s] INFO:colcon.colcon_core.task.python.build:Building Python package in '/home/silvergaster/AGV/src/python_pkg'
[0.771s] INFO:colcon.colcon_core.shell:Skip shell extension 'powershell' for command environment: Not usable outside of PowerShell
[0.771s] DEBUG:colcon.colcon_core.shell:Skip shell extension 'dsv' for command environment
[0.779s] DEBUG:colcon.colcon_core.event_handler.log_command:Invoked command in '/home/silvergaster/AGV/build/front' returned '0': CMAKE_PREFIX_PATH=${CMAKE_PREFIX_PATH}:/home/silvergaster/AGV/install/python_pkg:/opt/ros/jazzy CONDA_PROMPT_MODIFIER=(base) DEBUGINFOD_URLS=https://debuginfod.ubuntu.com /usr/bin/cmake --build /home/silvergaster/AGV/build/front -- -j4 -l4
[0.795s] DEBUG:colcon.colcon_core.event_handler.log_command:Invoking command in '/home/silvergaster/AGV/build/front': CMAKE_PREFIX_PATH=${CMAKE_PREFIX_PATH}:/home/silvergaster/AGV/install/python_pkg:/opt/ros/jazzy CONDA_PROMPT_MODIFIER=(base) DEBUGINFOD_URLS=https://debuginfod.ubuntu.com /usr/bin/cmake --install /home/silvergaster/AGV/build/front
[0.824s] Level 1:colcon.colcon_core.environment:create_environment_scripts_only(front)
[0.838s] DEBUG:colcon.colcon_core.event_handler.log_command:Invoked command in '/home/silvergaster/AGV/build/front' returned '0': CMAKE_PREFIX_PATH=${CMAKE_PREFIX_PATH}:/home/silvergaster/AGV/install/python_pkg:/opt/ros/jazzy CONDA_PROMPT_MODIFIER=(base) DEBUGINFOD_URLS=https://debuginfod.ubuntu.com /usr/bin/cmake --install /home/silvergaster/AGV/build/front
[0.842s] Level 1:colcon.colcon_core.environment:checking '/home/silvergaster/AGV/install/front' for CMake module files
[0.843s] Level 1:colcon.colcon_core.environment:checking '/home/silvergaster/AGV/install/front' for CMake config files
[0.843s] Level 1:colcon.colcon_core.shell:create_environment_hook('front', 'cmake_prefix_path')
[0.844s] INFO:colcon.colcon_core.shell:Creating environment hook '/home/silvergaster/AGV/install/front/share/front/hook/cmake_prefix_path.ps1'
[0.845s] INFO:colcon.colcon_core.shell:Creating environment descriptor '/home/silvergaster/AGV/install/front/share/front/hook/cmake_prefix_path.dsv'
[0.846s] INFO:colcon.colcon_core.shell:Creating environment hook '/home/silvergaster/AGV/install/front/share/front/hook/cmake_prefix_path.sh'
[0.847s] Level 1:colcon.colcon_core.environment:checking '/home/silvergaster/AGV/install/front/bin'
[0.847s] Level 1:colcon.colcon_core.environment:checking '/home/silvergaster/AGV/install/front/lib/pkgconfig/front.pc'
[0.848s] Level 1:colcon.colcon_core.environment:checking '/home/silvergaster/AGV/install/front/lib/python3.12/site-packages'
[0.849s] Level 1:colcon.colcon_core.environment:checking '/home/silvergaster/AGV/install/front/bin'
[0.849s] INFO:colcon.colcon_core.shell:Creating package script '/home/silvergaster/AGV/install/front/share/front/package.ps1'
[0.851s] INFO:colcon.colcon_core.shell:Creating package descriptor '/home/silvergaster/AGV/install/front/share/front/package.dsv'
[0.852s] INFO:colcon.colcon_core.shell:Creating package script '/home/silvergaster/AGV/install/front/share/front/package.sh'
[0.853s] INFO:colcon.colcon_core.shell:Creating package script '/home/silvergaster/AGV/install/front/share/front/package.bash'
[0.854s] INFO:colcon.colcon_core.shell:Creating package script '/home/silvergaster/AGV/install/front/share/front/package.zsh'
[0.857s] Level 1:colcon.colcon_core.environment:create_file_with_runtime_dependencies(/home/silvergaster/AGV/install/front/share/colcon-core/packages/front)
[0.858s] Level 1:colcon.colcon_core.environment:create_environment_scripts_only(front)
[0.859s] Level 1:colcon.colcon_core.environment:checking '/home/silvergaster/AGV/install/front' for CMake module files
[0.860s] Level 1:colcon.colcon_core.environment:checking '/home/silvergaster/AGV/install/front' for CMake config files
[0.861s] Level 1:colcon.colcon_core.shell:create_environment_hook('front', 'cmake_prefix_path')
[0.861s] INFO:colcon.colcon_core.shell:Creating environment hook '/home/silvergaster/AGV/install/front/share/front/hook/cmake_prefix_path.ps1'
[0.862s] INFO:colcon.colcon_core.shell:Creating environment descriptor '/home/silvergaster/AGV/install/front/share/front/hook/cmake_prefix_path.dsv'
[0.862s] INFO:colcon.colcon_core.shell:Creating environment hook '/home/silvergaster/AGV/install/front/share/front/hook/cmake_prefix_path.sh'
[0.863s] Level 1:colcon.colcon_core.environment:checking '/home/silvergaster/AGV/install/front/bin'
[0.863s] Level 1:colcon.colcon_core.environment:checking '/home/silvergaster/AGV/install/front/lib/pkgconfig/front.pc'
[0.864s] Level 1:colcon.colcon_core.environment:checking '/home/silvergaster/AGV/install/front/lib/python3.12/site-packages'
[0.864s] Level 1:colcon.colcon_core.environment:checking '/home/silvergaster/AGV/install/front/bin'
[0.865s] INFO:colcon.colcon_core.shell:Creating package script '/home/silvergaster/AGV/install/front/share/front/package.ps1'
[0.866s] INFO:colcon.colcon_core.shell:Creating package descriptor '/home/silvergaster/AGV/install/front/share/front/package.dsv'
[0.867s] INFO:colcon.colcon_core.shell:Creating package script '/home/silvergaster/AGV/install/front/share/front/package.sh'
[0.867s] INFO:colcon.colcon_core.shell:Creating package script '/home/silvergaster/AGV/install/front/share/front/package.bash'
[0.868s] INFO:colcon.colcon_core.shell:Creating package script '/home/silvergaster/AGV/install/front/share/front/package.zsh'
[0.869s] Level 1:colcon.colcon_core.environment:create_file_with_runtime_dependencies(/home/silvergaster/AGV/install/front/share/colcon-core/packages/front)
[1.821s] DEBUG:colcon.colcon_core.event_handler.log_command:Invoking command in '/home/silvergaster/AGV/src/python_pkg': CONDA_PROMPT_MODIFIER=(base) DEBUGINFOD_URLS=https://debuginfod.ubuntu.com PYTHONPATH=/home/silvergaster/AGV/build/python_pkg/prefix_override:/usr/lib/python3/dist-packages/colcon_core/task/python/colcon_distutils_commands:/home/silvergaster/AGV/install/python_pkg/lib/python3.12/site-packages:${PYTHONPATH} /usr/bin/python3 -W ignore:setup.py install is deprecated -W ignore:easy_install command is deprecated setup.py egg_info --egg-base ../../build/python_pkg build --build-base /home/silvergaster/AGV/build/python_pkg/build install --record /home/silvergaster/AGV/build/python_pkg/install.log --single-version-externally-managed install_data
[2.621s] Level 1:colcon.colcon_core.environment:checking '/home/silvergaster/AGV/install/python_pkg' for CMake module files
[2.622s] DEBUG:colcon.colcon_core.event_handler.log_command:Invoked command in '/home/silvergaster/AGV/src/python_pkg' returned '0': CONDA_PROMPT_MODIFIER=(base) DEBUGINFOD_URLS=https://debuginfod.ubuntu.com PYTHONPATH=/home/silvergaster/AGV/build/python_pkg/prefix_override:/usr/lib/python3/dist-packages/colcon_core/task/python/colcon_distutils_commands:/home/silvergaster/AGV/install/python_pkg/lib/python3.12/site-packages:${PYTHONPATH} /usr/bin/python3 -W ignore:setup.py install is deprecated -W ignore:easy_install command is deprecated setup.py egg_info --egg-base ../../build/python_pkg build --build-base /home/silvergaster/AGV/build/python_pkg/build install --record /home/silvergaster/AGV/build/python_pkg/install.log --single-version-externally-managed install_data
[2.622s] Level 1:colcon.colcon_core.environment:checking '/home/silvergaster/AGV/install/python_pkg' for CMake config files
[2.623s] Level 1:colcon.colcon_core.environment:checking '/home/silvergaster/AGV/install/python_pkg/lib'
[2.623s] Level 1:colcon.colcon_core.environment:checking '/home/silvergaster/AGV/install/python_pkg/bin'
[2.623s] Level 1:colcon.colcon_core.environment:checking '/home/silvergaster/AGV/install/python_pkg/lib/pkgconfig/python_pkg.pc'
[2.624s] Level 1:colcon.colcon_core.environment:checking '/home/silvergaster/AGV/install/python_pkg/lib/python3.12/site-packages'
[2.624s] Level 1:colcon.colcon_core.shell:create_environment_hook('python_pkg', 'pythonpath')
[2.625s] INFO:colcon.colcon_core.shell:Creating environment hook '/home/silvergaster/AGV/install/python_pkg/share/python_pkg/hook/pythonpath.ps1'
[2.627s] INFO:colcon.colcon_core.shell:Creating environment descriptor '/home/silvergaster/AGV/install/python_pkg/share/python_pkg/hook/pythonpath.dsv'
[2.628s] INFO:colcon.colcon_core.shell:Creating environment hook '/home/silvergaster/AGV/install/python_pkg/share/python_pkg/hook/pythonpath.sh'
[2.630s] Level 1:colcon.colcon_core.environment:checking '/home/silvergaster/AGV/install/python_pkg/bin'
[2.630s] Level 1:colcon.colcon_core.environment:create_environment_scripts_only(python_pkg)
[2.631s] INFO:colcon.colcon_core.shell:Creating package script '/home/silvergaster/AGV/install/python_pkg/share/python_pkg/package.ps1'
[2.633s] INFO:colcon.colcon_core.shell:Creating package descriptor '/home/silvergaster/AGV/install/python_pkg/share/python_pkg/package.dsv'
[2.636s] INFO:colcon.colcon_core.shell:Creating package script '/home/silvergaster/AGV/install/python_pkg/share/python_pkg/package.sh'
[2.638s] INFO:colcon.colcon_core.shell:Creating package script '/home/silvergaster/AGV/install/python_pkg/share/python_pkg/package.bash'
[2.640s] INFO:colcon.colcon_core.shell:Creating package script '/home/silvergaster/AGV/install/python_pkg/share/python_pkg/package.zsh'
[2.641s] Level 1:colcon.colcon_core.environment:create_file_with_runtime_dependencies(/home/silvergaster/AGV/install/python_pkg/share/colcon-core/packages/python_pkg)
[2.642s] DEBUG:colcon.colcon_parallel_executor.executor.parallel:closing loop
[2.644s] DEBUG:colcon.colcon_parallel_executor.executor.parallel:loop closed
[2.645s] DEBUG:colcon.colcon_parallel_executor.executor.parallel:run_until_complete finished with '0'
[2.645s] DEBUG:colcon.colcon_core.event_reactor:joining thread
[2.661s] INFO:colcon.colcon_core.plugin_system:Skipping extension 'colcon_notification.desktop_notification.terminal_notifier': Not used on non-Darwin systems
[2.661s] INFO:colcon.colcon_core.plugin_system:Skipping extension 'colcon_notification.desktop_notification.win32': Not used on non-Windows systems
[2.661s] INFO:colcon.colcon_notification.desktop_notification:Sending desktop notification using 'notify2'
[2.690s] DEBUG:colcon.colcon_core.event_reactor:joined thread
[2.690s] INFO:colcon.colcon_core.shell:Creating prefix script '/home/silvergaster/AGV/install/local_setup.ps1'
[2.693s] INFO:colcon.colcon_core.shell:Creating prefix util module '/home/silvergaster/AGV/install/_local_setup_util_ps1.py'
[2.696s] INFO:colcon.colcon_core.shell:Creating prefix chain script '/home/silvergaster/AGV/install/setup.ps1'
[2.698s] INFO:colcon.colcon_core.shell:Creating prefix script '/home/silvergaster/AGV/install/local_setup.sh'
[2.700s] INFO:colcon.colcon_core.shell:Creating prefix util module '/home/silvergaster/AGV/install/_local_setup_util_sh.py'
[2.702s] INFO:colcon.colcon_core.shell:Creating prefix chain script '/home/silvergaster/AGV/install/setup.sh'
[2.705s] INFO:colcon.colcon_core.shell:Creating prefix script '/home/silvergaster/AGV/install/local_setup.bash'
[2.706s] INFO:colcon.colcon_core.shell:Creating prefix chain script '/home/silvergaster/AGV/install/setup.bash'
[2.709s] INFO:colcon.colcon_core.shell:Creating prefix script '/home/silvergaster/AGV/install/local_setup.zsh'
[2.711s] INFO:colcon.colcon_core.shell:Creating prefix chain script '/home/silvergaster/AGV/install/setup.zsh'
