/home/silvergaster/AGV/install/python_pkg/lib/python3.12/site-packages/urdf/__init__.py
/home/silvergaster/AGV/install/python_pkg/lib/python3.12/site-packages/python_pkg/__init__.py
/home/silvergaster/AGV/install/python_pkg/lib/python3.12/site-packages/urdf/__pycache__/__init__.cpython-312.pyc
/home/silvergaster/AGV/install/python_pkg/lib/python3.12/site-packages/python_pkg/__pycache__/__init__.cpython-312.pyc
/home/silvergaster/AGV/install/python_pkg/share/python_pkg/package.xml
/home/silvergaster/AGV/install/python_pkg/share/python_pkg/urdf/world.urdf
/home/silvergaster/AGV/install/python_pkg/share/python_pkg/urdf/test.urdf
/home/silvergaster/AGV/install/python_pkg/share/python_pkg/urdf/line_world.sdf
/home/silvergaster/AGV/install/python_pkg/share/python_pkg/urdf/meshes/assem2_frame008_clgmzd.dae
/home/silvergaster/AGV/install/python_pkg/share/python_pkg/urdf/meshes/assem2_component1_03rzj7.dae
/home/silvergaster/AGV/install/python_pkg/share/python_pkg/urdf/meshes/assem2_frame005_anuq6v.dae
/home/silvergaster/AGV/install/python_pkg/share/python_pkg/urdf/meshes/assem2_frame013_y6fkrf.dae
/home/silvergaster/AGV/install/python_pkg/share/python_pkg/urdf/meshes/assem2_component008_piwc6e.dae
/home/silvergaster/AGV/install/python_pkg/share/python_pkg/urdf/meshes/assem2_component005_ixwyeq.dae
/home/silvergaster/AGV/install/python_pkg/share/python_pkg/urdf/meshes/assem2_component5_usjylo.dae
/home/silvergaster/AGV/install/python_pkg/share/python_pkg/urdf/meshes/assem2_frame002_npb5ar.dae
/home/silvergaster/AGV/install/python_pkg/share/python_pkg/urdf/meshes/assem2_simplefrontwheelsteering4v4_8kertd.dae
/home/silvergaster/AGV/install/python_pkg/share/python_pkg/urdf/meshes/assem2_component2_zt7ehm.dae
/home/silvergaster/AGV/install/python_pkg/share/python_pkg/urdf/meshes/assem2_component3_keuldv.dae
/home/silvergaster/AGV/install/python_pkg/share/python_pkg/urdf/meshes/assem2_component010_xuasif.dae
/home/silvergaster/AGV/install/python_pkg/share/python_pkg/urdf/meshes/assem2_frame010_ckf0cr.dae
/home/silvergaster/AGV/install/python_pkg/share/python_pkg/urdf/meshes/assem2_component4_kfvl9w.dae
/home/silvergaster/AGV/install/python_pkg/share/python_pkg/urdf/meshes/assem2_base_link_mxkusq.dae
/home/silvergaster/AGV/install/python_pkg/share/python_pkg/urdf/meshes/assem2_frame003_301pnj.dae
/home/silvergaster/AGV/install/python_pkg/share/python_pkg/urdf/meshes/assem2_simplefrontwheelsteering2v3_a7kkrv.dae
/home/silvergaster/AGV/install/python_pkg/share/python_pkg/urdf/meshes/assem2_frame012_v4ynyz.dae
/home/silvergaster/AGV/install/python_pkg/share/python_pkg/urdf/meshes/assem2_newfrontwheelv004_hji4ec.dae
/home/silvergaster/AGV/install/python_pkg/share/python_pkg/urdf/meshes/assem2_frame006_lbnbg2.dae
/home/silvergaster/AGV/install/python_pkg/share/python_pkg/urdf/meshes/assem2_newfrontwheelv3_qklj1m.dae
/home/silvergaster/AGV/install/python_pkg/share/python_pkg/urdf/meshes/assem2_frame009_fvn2bw.dae
/home/silvergaster/AGV/install/python_pkg/share/python_pkg/urdf/meshes/assem2_frame011_4fykzd.dae
/home/silvergaster/AGV/install/python_pkg/share/python_pkg/urdf/meshes/assem2_frame015_bcy07r.dae
/home/silvergaster/AGV/install/python_pkg/share/python_pkg/urdf/meshes/assem2_simplefrontwheelsteering4_rollingv1_krygwb.dae
/home/silvergaster/AGV/install/python_pkg/share/python_pkg/urdf/meshes/assem2_frame_ytd0yn.dae
/home/silvergaster/AGV/install/python_pkg/share/python_pkg/urdf/meshes/assem2_simplefrontwheelsteering4v005_esg1w7.dae
/home/silvergaster/AGV/install/python_pkg/share/python_pkg/urdf/meshes/assem2_frame004_cjnhmb.dae
/home/silvergaster/AGV/install/python_pkg/share/python_pkg/urdf/meshes/assem2_frame014_zslmgk.dae
/home/silvergaster/AGV/install/python_pkg/share/python_pkg/urdf/meshes/assem2_component013_xkbtpb.dae
/home/silvergaster/AGV/install/python_pkg/share/python_pkg/urdf/meshes/assem2_frame017_gu3wnv.dae
/home/silvergaster/AGV/install/python_pkg/share/python_pkg/urdf/meshes/assem2_component011_x6lyi6.dae
/home/silvergaster/AGV/install/python_pkg/share/python_pkg/urdf/meshes/assem2_frame007_kbdkwf.dae
/home/silvergaster/AGV/install/python_pkg/share/python_pkg/urdf/meshes/assem2_frame001_6e0oc1.dae
/home/silvergaster/AGV/install/python_pkg/share/python_pkg/urdf/meshes/assem2_simplefrontwheelsteering2_rollingv1_eoyyh7.dae
/home/silvergaster/AGV/install/python_pkg/share/python_pkg/urdf/meshes/assem2_simplefrontwheelsteering2v004_gaogxh.dae
/home/silvergaster/AGV/install/python_pkg/share/python_pkg/urdf/meshes/assem2_simplerearwheel_hfbdem.dae
/home/silvergaster/AGV/install/python_pkg/share/python_pkg/urdf/meshes/assem2_component009_1m8g3o.dae
/home/silvergaster/AGV/install/python_pkg/share/python_pkg/urdf/meshes/assem2_simplerearwheel001_b0zbxk.dae
/home/silvergaster/AGV/install/python_pkg/share/python_pkg/urdf/meshes/assem2_component007_kjdcuc.dae
/home/silvergaster/AGV/install/python_pkg/share/python_pkg/urdf/meshes/assem2_frame016_i7txbl.dae
/home/silvergaster/AGV/install/python_pkg/share/python_pkg/launch/Line_gazebo.launch.py
/home/silvergaster/AGV/install/python_pkg/share/python_pkg/launch/test.launch.py
/home/silvergaster/AGV/install/python_pkg/share/python_pkg/launch/ign_gazebo.launch.py
/home/silvergaster/AGV/install/python_pkg/share/ament_index/resource_index/packages/python_pkg
/home/silvergaster/AGV/install/python_pkg/lib/python3.12/site-packages/python_pkg-0.0.0-py3.12.egg-info/dependency_links.txt
/home/silvergaster/AGV/install/python_pkg/lib/python3.12/site-packages/python_pkg-0.0.0-py3.12.egg-info/top_level.txt
/home/silvergaster/AGV/install/python_pkg/lib/python3.12/site-packages/python_pkg-0.0.0-py3.12.egg-info/zip-safe
/home/silvergaster/AGV/install/python_pkg/lib/python3.12/site-packages/python_pkg-0.0.0-py3.12.egg-info/requires.txt
/home/silvergaster/AGV/install/python_pkg/lib/python3.12/site-packages/python_pkg-0.0.0-py3.12.egg-info/SOURCES.txt
/home/silvergaster/AGV/install/python_pkg/lib/python3.12/site-packages/python_pkg-0.0.0-py3.12.egg-info/PKG-INFO
