[1.196s] Invoking command in '/home/silvergaster/AGV/src/python_pkg': CONDA_PROMPT_MODIFIER=(base) DEBUGINFOD_URLS=https://debuginfod.ubuntu.com PYTHONPATH=/home/silvergaster/AGV/build/python_pkg/prefix_override:/usr/lib/python3/dist-packages/colcon_core/task/python/colcon_distutils_commands:/home/silvergaster/AGV/install/python_pkg/lib/python3.12/site-packages:${PYTHONPATH} /usr/bin/python3 -W ignore:setup.py install is deprecated -W ignore:easy_install command is deprecated setup.py egg_info --egg-base ../../build/python_pkg build --build-base /home/silvergaster/AGV/build/python_pkg/build install --record /home/silvergaster/AGV/build/python_pkg/install.log --single-version-externally-managed install_data
[1.565s] running egg_info
[1.594s] writing ../../build/python_pkg/python_pkg.egg-info/PKG-INFO
[1.594s] writing dependency_links to ../../build/python_pkg/python_pkg.egg-info/dependency_links.txt
[1.595s] writing requirements to ../../build/python_pkg/python_pkg.egg-info/requires.txt
[1.595s] writing top-level names to ../../build/python_pkg/python_pkg.egg-info/top_level.txt
[1.656s] reading manifest file '../../build/python_pkg/python_pkg.egg-info/SOURCES.txt'
[1.657s] writing manifest file '../../build/python_pkg/python_pkg.egg-info/SOURCES.txt'
[1.657s] running build
[1.658s] running build_py
[1.658s] running install
[1.665s] running install_lib
[1.698s] running install_data
[1.699s] copying urdf/line_world.sdf -> /home/silvergaster/AGV/install/python_pkg/share/python_pkg/urdf
[1.699s] copying urdf/test.sdf -> /home/silvergaster/AGV/install/python_pkg/share/python_pkg/urdf
[1.700s] copying launch/test.launch.py -> /home/silvergaster/AGV/install/python_pkg/share/python_pkg/launch
[1.700s] running install_egg_info
[1.733s] removing '/home/silvergaster/AGV/install/python_pkg/lib/python3.12/site-packages/python_pkg-0.0.0-py3.12.egg-info' (and everything under it)
[1.734s] Copying ../../build/python_pkg/python_pkg.egg-info to /home/silvergaster/AGV/install/python_pkg/lib/python3.12/site-packages/python_pkg-0.0.0-py3.12.egg-info
[1.735s] running install_scripts
[1.927s] writing list of installed files to '/home/silvergaster/AGV/build/python_pkg/install.log'
[1.968s] Invoked command in '/home/silvergaster/AGV/src/python_pkg' returned '0': CONDA_PROMPT_MODIFIER=(base) DEBUGINFOD_URLS=https://debuginfod.ubuntu.com PYTHONPATH=/home/silvergaster/AGV/build/python_pkg/prefix_override:/usr/lib/python3/dist-packages/colcon_core/task/python/colcon_distutils_commands:/home/silvergaster/AGV/install/python_pkg/lib/python3.12/site-packages:${PYTHONPATH} /usr/bin/python3 -W ignore:setup.py install is deprecated -W ignore:easy_install command is deprecated setup.py egg_info --egg-base ../../build/python_pkg build --build-base /home/silvergaster/AGV/build/python_pkg/build install --record /home/silvergaster/AGV/build/python_pkg/install.log --single-version-externally-managed install_data
